<?xml version="1.0" encoding="utf-8"?>
<TestRecord xmlns:xsi="http://www.w3.org/2001/XMLSchema-instance" xmlns:xsd="http://www.w3.org/2001/XMLSchema">
  <Results>
    <UnitTestResult>
      <TestDate>2013-05-12T09:06:12</TestDate>
      <Passed>38</Passed>
      <Errors>0</Errors>
      <Failures>0</Failures>
      <Inconclusive>0</Inconclusive>
      <NotRunnable>0</NotRunnable>
      <Skipped>0</Skipped>
      <Ignored>0</Ignored>
      <Time />
      <Message>Test successful

Execution time: 4.00ms</Message>
    </UnitTestResult>
    <UnitTestResult>
      <TestDate>2013-05-12T10:08:27</TestDate>
      <Passed>38</Passed>
      <Errors>0</Errors>
      <Failures>0</Failures>
      <Inconclusive>0</Inconclusive>
      <NotRunnable>0</NotRunnable>
      <Skipped>0</Skipped>
      <Ignored>0</Ignored>
      <Time />
      <Message>Test successful

Execution time: 3.89ms</Message>
    </UnitTestResult>
    <UnitTestResult>
      <TestDate>2013-05-12T18:57:11</TestDate>
      <Passed>40</Passed>
      <Errors>0</Errors>
      <Failures>0</Failures>
      <Inconclusive>0</Inconclusive>
      <NotRunnable>0</NotRunnable>
      <Skipped>0</Skipped>
      <Ignored>0</Ignored>
      <Time />
      <Message>Test successful

Execution time: 5.86ms</Message>
    </UnitTestResult>
  </Results>
  <Tests>
    <TestRecord Name="NRequire">
      <Results>
        <UnitTestResult>
          <TestDate>2013-05-12T09:06:12</TestDate>
          <Passed>38</Passed>
          <Errors>0</Errors>
          <Failures>0</Failures>
          <Inconclusive>0</Inconclusive>
          <NotRunnable>0</NotRunnable>
          <Skipped>0</Skipped>
          <Ignored>0</Ignored>
          <Time />
          <Message>Test successful

Execution time: 3.96ms</Message>
        </UnitTestResult>
        <UnitTestResult>
          <TestDate>2013-05-12T10:08:27</TestDate>
          <Passed>38</Passed>
          <Errors>0</Errors>
          <Failures>0</Failures>
          <Inconclusive>0</Inconclusive>
          <NotRunnable>0</NotRunnable>
          <Skipped>0</Skipped>
          <Ignored>0</Ignored>
          <Time />
          <Message>Test successful

Execution time: 3.87ms</Message>
        </UnitTestResult>
        <UnitTestResult>
          <TestDate>2013-05-12T18:57:11</TestDate>
          <Passed>40</Passed>
          <Errors>0</Errors>
          <Failures>0</Failures>
          <Inconclusive>0</Inconclusive>
          <NotRunnable>0</NotRunnable>
          <Skipped>0</Skipped>
          <Ignored>0</Ignored>
          <Time />
          <Message>Test successful

Execution time: 5.80ms</Message>
        </UnitTestResult>
      </Results>
      <Tests>
        <TestRecord Name="CommandLineParserTest">
          <Results>
            <UnitTestResult>
              <TestDate>2013-05-12T09:06:12</TestDate>
              <Passed>2</Passed>
              <Errors>0</Errors>
              <Failures>0</Failures>
              <Inconclusive>0</Inconclusive>
              <NotRunnable>0</NotRunnable>
              <Skipped>0</Skipped>
              <Ignored>0</Ignored>
              <Time />
              <Message>Test successful

Execution time: 0.38ms</Message>
            </UnitTestResult>
            <UnitTestResult>
              <TestDate>2013-05-12T10:08:27</TestDate>
              <Passed>2</Passed>
              <Errors>0</Errors>
              <Failures>0</Failures>
              <Inconclusive>0</Inconclusive>
              <NotRunnable>0</NotRunnable>
              <Skipped>0</Skipped>
              <Ignored>0</Ignored>
              <Time />
              <Message>Test successful

Execution time: 0.25ms</Message>
            </UnitTestResult>
            <UnitTestResult>
              <TestDate>2013-05-12T18:57:11</TestDate>
              <Passed>2</Passed>
              <Errors>0</Errors>
              <Failures>0</Failures>
              <Inconclusive>0</Inconclusive>
              <NotRunnable>0</NotRunnable>
              <Skipped>0</Skipped>
              <Ignored>0</Ignored>
              <Time />
              <Message>Test successful

Execution time: 0.44ms</Message>
            </UnitTestResult>
          </Results>
          <Tests>
            <TestRecord Name="ExtractOptionsTest">
              <Results>
                <UnitTestResult>
                  <TestDate>2013-05-12T09:06:12</TestDate>
                  <Passed>1</Passed>
                  <Errors>0</Errors>
                  <Failures>0</Failures>
                  <Inconclusive>0</Inconclusive>
                  <NotRunnable>0</NotRunnable>
                  <Skipped>0</Skipped>
                  <Ignored>0</Ignored>
                  <Time />
                  <Message>Test successful

Execution time: 0.08ms</Message>
                  <ConsoleOutput />
                  <ConsoleError />
                </UnitTestResult>
                <UnitTestResult>
                  <TestDate>2013-05-12T10:08:27</TestDate>
                  <Passed>1</Passed>
                  <Errors>0</Errors>
                  <Failures>0</Failures>
                  <Inconclusive>0</Inconclusive>
                  <NotRunnable>0</NotRunnable>
                  <Skipped>0</Skipped>
                  <Ignored>0</Ignored>
                  <Time />
                  <Message>Test successful

Execution time: 0.04ms</Message>
                  <ConsoleOutput />
                  <ConsoleError />
                </UnitTestResult>
                <UnitTestResult>
                  <TestDate>2013-05-12T18:57:11</TestDate>
                  <Passed>1</Passed>
                  <Errors>0</Errors>
                  <Failures>0</Failures>
                  <Inconclusive>0</Inconclusive>
                  <NotRunnable>0</NotRunnable>
                  <Skipped>0</Skipped>
                  <Ignored>0</Ignored>
                  <Time />
                  <Message>Test successful

Execution time: 0.05ms</Message>
                  <ConsoleOutput />
                  <ConsoleError />
                </UnitTestResult>
              </Results>
              <Tests />
            </TestRecord>
            <TestRecord Name="NoArgsThrowsExceptionTest">
              <Results>
                <UnitTestResult>
                  <TestDate>2013-05-12T09:06:12</TestDate>
                  <Passed>1</Passed>
                  <Errors>0</Errors>
                  <Failures>0</Failures>
                  <Inconclusive>0</Inconclusive>
                  <NotRunnable>0</NotRunnable>
                  <Skipped>0</Skipped>
                  <Ignored>0</Ignored>
                  <Time />
                  <Message>Test successful

Execution time: 0.02ms</Message>
                  <ConsoleOutput />
                  <ConsoleError />
                </UnitTestResult>
                <UnitTestResult>
                  <TestDate>2013-05-12T10:08:27</TestDate>
                  <Passed>1</Passed>
                  <Errors>0</Errors>
                  <Failures>0</Failures>
                  <Inconclusive>0</Inconclusive>
                  <NotRunnable>0</NotRunnable>
                  <Skipped>0</Skipped>
                  <Ignored>0</Ignored>
                  <Time />
                  <Message>Test successful

Execution time: 0.01ms</Message>
                  <ConsoleOutput />
                  <ConsoleError />
                </UnitTestResult>
                <UnitTestResult>
                  <TestDate>2013-05-12T18:57:11</TestDate>
                  <Passed>1</Passed>
                  <Errors>0</Errors>
                  <Failures>0</Failures>
                  <Inconclusive>0</Inconclusive>
                  <NotRunnable>0</NotRunnable>
                  <Skipped>0</Skipped>
                  <Ignored>0</Ignored>
                  <Time />
                  <Message>Test successful

Execution time: 0.02ms</Message>
                  <ConsoleOutput />
                  <ConsoleError />
                </UnitTestResult>
              </Results>
              <Tests />
            </TestRecord>
          </Tests>
        </TestRecord>
        <TestRecord Name="DependencyCacheTest">
          <Results>
            <UnitTestResult>
              <TestDate>2013-05-12T09:06:12</TestDate>
              <Passed>1</Passed>
              <Errors>0</Errors>
              <Failures>0</Failures>
              <Inconclusive>0</Inconclusive>
              <NotRunnable>0</NotRunnable>
              <Skipped>0</Skipped>
              <Ignored>0</Ignored>
              <Time />
              <Message>Test successful

Execution time: 0.20ms</Message>
            </UnitTestResult>
            <UnitTestResult>
              <TestDate>2013-05-12T10:08:27</TestDate>
              <Passed>1</Passed>
              <Errors>0</Errors>
              <Failures>0</Failures>
              <Inconclusive>0</Inconclusive>
              <NotRunnable>0</NotRunnable>
              <Skipped>0</Skipped>
              <Ignored>0</Ignored>
              <Time />
              <Message>Test successful

Execution time: 0.10ms</Message>
            </UnitTestResult>
            <UnitTestResult>
              <TestDate>2013-05-12T18:57:11</TestDate>
              <Passed>1</Passed>
              <Errors>0</Errors>
              <Failures>0</Failures>
              <Inconclusive>0</Inconclusive>
              <NotRunnable>0</NotRunnable>
              <Skipped>0</Skipped>
              <Ignored>0</Ignored>
              <Time />
              <Message>Test successful

Execution time: 0.13ms</Message>
            </UnitTestResult>
          </Results>
          <Tests>
            <TestRecord Name="ListVersionsInOrderTest">
              <Results>
                <UnitTestResult>
                  <TestDate>2013-05-12T09:06:12</TestDate>
                  <Passed>1</Passed>
                  <Errors>0</Errors>
                  <Failures>0</Failures>
                  <Inconclusive>0</Inconclusive>
                  <NotRunnable>0</NotRunnable>
                  <Skipped>0</Skipped>
                  <Ignored>0</Ignored>
                  <Time />
                  <Message>Test successful

Execution time: 0.20ms</Message>
                  <ConsoleOutput />
                  <ConsoleError />
                </UnitTestResult>
                <UnitTestResult>
                  <TestDate>2013-05-12T10:08:27</TestDate>
                  <Passed>1</Passed>
                  <Errors>0</Errors>
                  <Failures>0</Failures>
                  <Inconclusive>0</Inconclusive>
                  <NotRunnable>0</NotRunnable>
                  <Skipped>0</Skipped>
                  <Ignored>0</Ignored>
                  <Time />
                  <Message>Test successful

Execution time: 0.10ms</Message>
                  <ConsoleOutput />
                  <ConsoleError />
                </UnitTestResult>
                <UnitTestResult>
                  <TestDate>2013-05-12T18:57:11</TestDate>
                  <Passed>1</Passed>
                  <Errors>0</Errors>
                  <Failures>0</Failures>
                  <Inconclusive>0</Inconclusive>
                  <NotRunnable>0</NotRunnable>
                  <Skipped>0</Skipped>
                  <Ignored>0</Ignored>
                  <Time />
                  <Message>Test successful

Execution time: 0.13ms</Message>
                  <ConsoleOutput />
                  <ConsoleError />
                </UnitTestResult>
              </Results>
              <Tests />
            </TestRecord>
          </Tests>
        </TestRecord>
        <TestRecord Name="DependencyWishTest">
          <Results>
            <UnitTestResult>
              <TestDate>2013-05-12T09:06:12</TestDate>
              <Passed>6</Passed>
              <Errors>0</Errors>
              <Failures>0</Failures>
              <Inconclusive>0</Inconclusive>
              <NotRunnable>0</NotRunnable>
              <Skipped>0</Skipped>
              <Ignored>0</Ignored>
              <Time />
              <Message>Test successful

Execution time: 0.21ms</Message>
            </UnitTestResult>
            <UnitTestResult>
              <TestDate>2013-05-12T10:08:27</TestDate>
              <Passed>6</Passed>
              <Errors>0</Errors>
              <Failures>0</Failures>
              <Inconclusive>0</Inconclusive>
              <NotRunnable>0</NotRunnable>
              <Skipped>0</Skipped>
              <Ignored>0</Ignored>
              <Time />
              <Message>Test successful

Execution time: 0.18ms</Message>
            </UnitTestResult>
            <UnitTestResult>
              <TestDate>2013-05-12T18:57:11</TestDate>
              <Passed>6</Passed>
              <Errors>0</Errors>
              <Failures>0</Failures>
              <Inconclusive>0</Inconclusive>
              <NotRunnable>0</NotRunnable>
              <Skipped>0</Skipped>
              <Ignored>0</Ignored>
              <Time />
              <Message>Test successful

Execution time: 0.22ms</Message>
            </UnitTestResult>
          </Results>
          <Tests>
            <TestRecord Name="CloneChildDependenciesTest">
              <Results>
                <UnitTestResult>
                  <TestDate>2013-05-12T09:06:12</TestDate>
                  <Passed>1</Passed>
                  <Errors>0</Errors>
                  <Failures>0</Failures>
                  <Inconclusive>0</Inconclusive>
                  <NotRunnable>0</NotRunnable>
                  <Skipped>0</Skipped>
                  <Ignored>0</Ignored>
                  <Time />
                  <Message>Test successful

Execution time: 0.02ms</Message>
                  <ConsoleOutput />
                  <ConsoleError />
                </UnitTestResult>
                <UnitTestResult>
                  <TestDate>2013-05-12T10:08:27</TestDate>
                  <Passed>1</Passed>
                  <Errors>0</Errors>
                  <Failures>0</Failures>
                  <Inconclusive>0</Inconclusive>
                  <NotRunnable>0</NotRunnable>
                  <Skipped>0</Skipped>
                  <Ignored>0</Ignored>
                  <Time />
                  <Message>Test successful

Execution time: 0.02ms</Message>
                  <ConsoleOutput />
                  <ConsoleError />
                </UnitTestResult>
                <UnitTestResult>
                  <TestDate>2013-05-12T18:57:11</TestDate>
                  <Passed>1</Passed>
                  <Errors>0</Errors>
                  <Failures>0</Failures>
                  <Inconclusive>0</Inconclusive>
                  <NotRunnable>0</NotRunnable>
                  <Skipped>0</Skipped>
                  <Ignored>0</Ignored>
                  <Time />
                  <Message>Test successful

Execution time: 0.02ms</Message>
                  <ConsoleOutput />
                  <ConsoleError />
                </UnitTestResult>
              </Results>
              <Tests />
            </TestRecord>
            <TestRecord Name="CloneEmptyDepTest">
              <Results>
                <UnitTestResult>
                  <TestDate>2013-05-12T09:06:12</TestDate>
                  <Passed>1</Passed>
                  <Errors>0</Errors>
                  <Failures>0</Failures>
                  <Inconclusive>0</Inconclusive>
                  <NotRunnable>0</NotRunnable>
                  <Skipped>0</Skipped>
                  <Ignored>0</Ignored>
                  <Time />
                  <Message>Test successful

Execution time: 0.00ms</Message>
                  <ConsoleOutput />
                  <ConsoleError />
                </UnitTestResult>
                <UnitTestResult>
                  <TestDate>2013-05-12T10:08:27</TestDate>
                  <Passed>1</Passed>
                  <Errors>0</Errors>
                  <Failures>0</Failures>
                  <Inconclusive>0</Inconclusive>
                  <NotRunnable>0</NotRunnable>
                  <Skipped>0</Skipped>
                  <Ignored>0</Ignored>
                  <Time />
                  <Message>Test successful

Execution time: 0.00ms</Message>
                  <ConsoleOutput />
                  <ConsoleError />
                </UnitTestResult>
                <UnitTestResult>
                  <TestDate>2013-05-12T18:57:11</TestDate>
                  <Passed>1</Passed>
                  <Errors>0</Errors>
                  <Failures>0</Failures>
                  <Inconclusive>0</Inconclusive>
                  <NotRunnable>0</NotRunnable>
                  <Skipped>0</Skipped>
                  <Ignored>0</Ignored>
                  <Time />
                  <Message>Test successful

Execution time: 0.00ms</Message>
                  <ConsoleOutput />
                  <ConsoleError />
                </UnitTestResult>
              </Results>
              <Tests />
            </TestRecord>
            <TestRecord Name="CloneSimplePropsTest">
              <Results>
                <UnitTestResult>
                  <TestDate>2013-05-12T09:06:12</TestDate>
                  <Passed>1</Passed>
                  <Errors>0</Errors>
                  <Failures>0</Failures>
                  <Inconclusive>0</Inconclusive>
                  <NotRunnable>0</NotRunnable>
                  <Skipped>0</Skipped>
                  <Ignored>0</Ignored>
                  <Time />
                  <Message>Test successful

Execution time: 0.09ms</Message>
                  <ConsoleOutput />
                  <ConsoleError />
                </UnitTestResult>
                <UnitTestResult>
                  <TestDate>2013-05-12T10:08:27</TestDate>
                  <Passed>1</Passed>
                  <Errors>0</Errors>
                  <Failures>0</Failures>
                  <Inconclusive>0</Inconclusive>
                  <NotRunnable>0</NotRunnable>
                  <Skipped>0</Skipped>
                  <Ignored>0</Ignored>
                  <Time />
                  <Message>Test successful

Execution time: 0.08ms</Message>
                  <ConsoleOutput />
                  <ConsoleError />
                </UnitTestResult>
                <UnitTestResult>
                  <TestDate>2013-05-12T18:57:11</TestDate>
                  <Passed>1</Passed>
                  <Errors>0</Errors>
                  <Failures>0</Failures>
                  <Inconclusive>0</Inconclusive>
                  <NotRunnable>0</NotRunnable>
                  <Skipped>0</Skipped>
                  <Ignored>0</Ignored>
                  <Time />
                  <Message>Test successful

Execution time: 0.10ms</Message>
                  <ConsoleOutput />
                  <ConsoleError />
                </UnitTestResult>
              </Results>
              <Tests />
            </TestRecord>
            <TestRecord Name="MergeChildChildDependenciesTest">
              <Results>
                <UnitTestResult>
                  <TestDate>2013-05-12T09:06:12</TestDate>
                  <Passed>1</Passed>
                  <Errors>0</Errors>
                  <Failures>0</Failures>
                  <Inconclusive>0</Inconclusive>
                  <NotRunnable>0</NotRunnable>
                  <Skipped>0</Skipped>
                  <Ignored>0</Ignored>
                  <Time />
                  <Message>Test successful

Execution time: 0.01ms</Message>
                  <ConsoleOutput />
                  <ConsoleError />
                </UnitTestResult>
                <UnitTestResult>
                  <TestDate>2013-05-12T10:08:27</TestDate>
                  <Passed>1</Passed>
                  <Errors>0</Errors>
                  <Failures>0</Failures>
                  <Inconclusive>0</Inconclusive>
                  <NotRunnable>0</NotRunnable>
                  <Skipped>0</Skipped>
                  <Ignored>0</Ignored>
                  <Time />
                  <Message>Test successful

Execution time: 0.01ms</Message>
                  <ConsoleOutput />
                  <ConsoleError />
                </UnitTestResult>
                <UnitTestResult>
                  <TestDate>2013-05-12T18:57:11</TestDate>
                  <Passed>1</Passed>
                  <Errors>0</Errors>
                  <Failures>0</Failures>
                  <Inconclusive>0</Inconclusive>
                  <NotRunnable>0</NotRunnable>
                  <Skipped>0</Skipped>
                  <Ignored>0</Ignored>
                  <Time />
                  <Message>Test successful

Execution time: 0.02ms</Message>
                  <ConsoleOutput />
                  <ConsoleError />
                </UnitTestResult>
              </Results>
              <Tests />
            </TestRecord>
            <TestRecord Name="MergeChildDependenciesTest">
              <Results>
                <UnitTestResult>
                  <TestDate>2013-05-12T09:06:12</TestDate>
                  <Passed>1</Passed>
                  <Errors>0</Errors>
                  <Failures>0</Failures>
                  <Inconclusive>0</Inconclusive>
                  <NotRunnable>0</NotRunnable>
                  <Skipped>0</Skipped>
                  <Ignored>0</Ignored>
                  <Time />
                  <Message>Test successful

Execution time: 0.00ms</Message>
                  <ConsoleOutput />
                  <ConsoleError />
                </UnitTestResult>
                <UnitTestResult>
                  <TestDate>2013-05-12T10:08:27</TestDate>
                  <Passed>1</Passed>
                  <Errors>0</Errors>
                  <Failures>0</Failures>
                  <Inconclusive>0</Inconclusive>
                  <NotRunnable>0</NotRunnable>
                  <Skipped>0</Skipped>
                  <Ignored>0</Ignored>
                  <Time />
                  <Message>Test successful

Execution time: 0.00ms</Message>
                  <ConsoleOutput />
                  <ConsoleError />
                </UnitTestResult>
                <UnitTestResult>
                  <TestDate>2013-05-12T18:57:11</TestDate>
                  <Passed>1</Passed>
                  <Errors>0</Errors>
                  <Failures>0</Failures>
                  <Inconclusive>0</Inconclusive>
                  <NotRunnable>0</NotRunnable>
                  <Skipped>0</Skipped>
                  <Ignored>0</Ignored>
                  <Time />
                  <Message>Test successful

Execution time: 0.00ms</Message>
                  <ConsoleOutput />
                  <ConsoleError />
                </UnitTestResult>
              </Results>
              <Tests />
            </TestRecord>
            <TestRecord Name="MergeSimplePropsTest">
              <Results>
                <UnitTestResult>
                  <TestDate>2013-05-12T09:06:12</TestDate>
                  <Passed>1</Passed>
                  <Errors>0</Errors>
                  <Failures>0</Failures>
                  <Inconclusive>0</Inconclusive>
                  <NotRunnable>0</NotRunnable>
                  <Skipped>0</Skipped>
                  <Ignored>0</Ignored>
                  <Time />
                  <Message>Test successful

Execution time: 0.01ms</Message>
                  <ConsoleOutput />
                  <ConsoleError />
                </UnitTestResult>
                <UnitTestResult>
                  <TestDate>2013-05-12T10:08:27</TestDate>
                  <Passed>1</Passed>
                  <Errors>0</Errors>
                  <Failures>0</Failures>
                  <Inconclusive>0</Inconclusive>
                  <NotRunnable>0</NotRunnable>
                  <Skipped>0</Skipped>
                  <Ignored>0</Ignored>
                  <Time />
                  <Message>Test successful

Execution time: 0.01ms</Message>
                  <ConsoleOutput />
                  <ConsoleError />
                </UnitTestResult>
                <UnitTestResult>
                  <TestDate>2013-05-12T18:57:11</TestDate>
                  <Passed>1</Passed>
                  <Errors>0</Errors>
                  <Failures>0</Failures>
                  <Inconclusive>0</Inconclusive>
                  <NotRunnable>0</NotRunnable>
                  <Skipped>0</Skipped>
                  <Ignored>0</Ignored>
                  <Time />
                  <Message>Test successful

Execution time: 0.01ms</Message>
                  <ConsoleOutput />
                  <ConsoleError />
                </UnitTestResult>
              </Results>
              <Tests />
            </TestRecord>
          </Tests>
        </TestRecord>
        <TestRecord Name="JsonReaderTest">
          <Results>
            <UnitTestResult>
              <TestDate>2013-05-12T09:06:12</TestDate>
              <Passed>2</Passed>
              <Errors>0</Errors>
              <Failures>0</Failures>
              <Inconclusive>0</Inconclusive>
              <NotRunnable>0</NotRunnable>
              <Skipped>0</Skipped>
              <Ignored>0</Ignored>
              <Time />
              <Message>Test successful

Execution time: 0.77ms</Message>
            </UnitTestResult>
            <UnitTestResult>
              <TestDate>2013-05-12T10:08:27</TestDate>
              <Passed>2</Passed>
              <Errors>0</Errors>
              <Failures>0</Failures>
              <Inconclusive>0</Inconclusive>
              <NotRunnable>0</NotRunnable>
              <Skipped>0</Skipped>
              <Ignored>0</Ignored>
              <Time />
              <Message>Test successful

Execution time: 0.81ms</Message>
            </UnitTestResult>
            <UnitTestResult>
              <TestDate>2013-05-12T18:57:11</TestDate>
              <Passed>2</Passed>
              <Errors>0</Errors>
              <Failures>0</Failures>
              <Inconclusive>0</Inconclusive>
              <NotRunnable>0</NotRunnable>
              <Skipped>0</Skipped>
              <Ignored>0</Ignored>
              <Time />
              <Message>Test successful

Execution time: 1.43ms</Message>
            </UnitTestResult>
          </Results>
          <Tests>
            <TestRecord Name="ReadAllFieldsTest">
              <Results>
                <UnitTestResult>
                  <TestDate>2013-05-12T09:06:12</TestDate>
                  <Passed>1</Passed>
                  <Errors>0</Errors>
                  <Failures>0</Failures>
                  <Inconclusive>0</Inconclusive>
                  <NotRunnable>0</NotRunnable>
                  <Skipped>0</Skipped>
                  <Ignored>0</Ignored>
                  <Time />
                  <Message>Test successful

Execution time: 0.75ms</Message>
                  <ConsoleOutput />
                  <ConsoleError />
                </UnitTestResult>
                <UnitTestResult>
                  <TestDate>2013-05-12T10:08:27</TestDate>
                  <Passed>1</Passed>
                  <Errors>0</Errors>
                  <Failures>0</Failures>
                  <Inconclusive>0</Inconclusive>
                  <NotRunnable>0</NotRunnable>
                  <Skipped>0</Skipped>
                  <Ignored>0</Ignored>
                  <Time />
                  <Message>Test successful

Execution time: 0.79ms</Message>
                  <ConsoleOutput />
                  <ConsoleError />
                </UnitTestResult>
                <UnitTestResult>
                  <TestDate>2013-05-12T18:57:11</TestDate>
                  <Passed>1</Passed>
                  <Errors>0</Errors>
                  <Failures>0</Failures>
                  <Inconclusive>0</Inconclusive>
                  <NotRunnable>0</NotRunnable>
                  <Skipped>0</Skipped>
                  <Ignored>0</Ignored>
                  <Time />
                  <Message>Test successful

Execution time: 1.41ms</Message>
                  <ConsoleOutput />
                  <ConsoleError />
                </UnitTestResult>
              </Results>
              <Tests />
            </TestRecord>
            <TestRecord Name="ThrowsExceptionOnNonExistentJsonFileTest">
              <Results>
                <UnitTestResult>
                  <TestDate>2013-05-12T09:06:12</TestDate>
                  <Passed>1</Passed>
                  <Errors>0</Errors>
                  <Failures>0</Failures>
                  <Inconclusive>0</Inconclusive>
                  <NotRunnable>0</NotRunnable>
                  <Skipped>0</Skipped>
                  <Ignored>0</Ignored>
                  <Time />
                  <Message>Test successful

Execution time: 0.00ms</Message>
                  <ConsoleOutput />
                  <ConsoleError />
                </UnitTestResult>
                <UnitTestResult>
                  <TestDate>2013-05-12T10:08:27</TestDate>
                  <Passed>1</Passed>
                  <Errors>0</Errors>
                  <Failures>0</Failures>
                  <Inconclusive>0</Inconclusive>
                  <NotRunnable>0</NotRunnable>
                  <Skipped>0</Skipped>
                  <Ignored>0</Ignored>
                  <Time />
                  <Message>Test successful

Execution time: 0.00ms</Message>
                  <ConsoleOutput />
                  <ConsoleError />
                </UnitTestResult>
                <UnitTestResult>
                  <TestDate>2013-05-12T18:57:11</TestDate>
                  <Passed>1</Passed>
                  <Errors>0</Errors>
                  <Failures>0</Failures>
                  <Inconclusive>0</Inconclusive>
                  <NotRunnable>0</NotRunnable>
                  <Skipped>0</Skipped>
                  <Ignored>0</Ignored>
                  <Time />
                  <Message>Test successful

Execution time: 0.00ms</Message>
                  <ConsoleOutput />
                  <ConsoleError />
                </UnitTestResult>
              </Results>
              <Tests />
            </TestRecord>
          </Tests>
        </TestRecord>
        <TestRecord Name="Matcher">
          <Results>
            <UnitTestResult>
              <TestDate>2013-05-12T09:06:12</TestDate>
              <Passed>2</Passed>
              <Errors>0</Errors>
              <Failures>0</Failures>
              <Inconclusive>0</Inconclusive>
              <NotRunnable>0</NotRunnable>
              <Skipped>0</Skipped>
              <Ignored>0</Ignored>
              <Time />
              <Message>Test successful

Execution time: 0.04ms</Message>
            </UnitTestResult>
            <UnitTestResult>
              <TestDate>2013-05-12T10:08:27</TestDate>
              <Passed>2</Passed>
              <Errors>0</Errors>
              <Failures>0</Failures>
              <Inconclusive>0</Inconclusive>
              <NotRunnable>0</NotRunnable>
              <Skipped>0</Skipped>
              <Ignored>0</Ignored>
              <Time />
              <Message>Test successful

Execution time: 0.03ms</Message>
            </UnitTestResult>
            <UnitTestResult>
              <TestDate>2013-05-12T18:57:11</TestDate>
              <Passed>2</Passed>
              <Errors>0</Errors>
              <Failures>0</Failures>
              <Inconclusive>0</Inconclusive>
              <NotRunnable>0</NotRunnable>
              <Skipped>0</Skipped>
              <Ignored>0</Ignored>
              <Time />
              <Message>Test successful

Execution time: 0.04ms</Message>
            </UnitTestResult>
          </Results>
          <Tests>
            <TestRecord Name="ExactMatcherTest">
              <Results>
                <UnitTestResult>
                  <TestDate>2013-05-12T09:06:12</TestDate>
                  <Passed>2</Passed>
                  <Errors>0</Errors>
                  <Failures>0</Failures>
                  <Inconclusive>0</Inconclusive>
                  <NotRunnable>0</NotRunnable>
                  <Skipped>0</Skipped>
                  <Ignored>0</Ignored>
                  <Time />
                  <Message>Test successful

Execution time: 0.03ms</Message>
                </UnitTestResult>
                <UnitTestResult>
                  <TestDate>2013-05-12T10:08:27</TestDate>
                  <Passed>2</Passed>
                  <Errors>0</Errors>
                  <Failures>0</Failures>
                  <Inconclusive>0</Inconclusive>
                  <NotRunnable>0</NotRunnable>
                  <Skipped>0</Skipped>
                  <Ignored>0</Ignored>
                  <Time />
                  <Message>Test successful

Execution time: 0.02ms</Message>
                </UnitTestResult>
                <UnitTestResult>
                  <TestDate>2013-05-12T18:57:11</TestDate>
                  <Passed>2</Passed>
                  <Errors>0</Errors>
                  <Failures>0</Failures>
                  <Inconclusive>0</Inconclusive>
                  <NotRunnable>0</NotRunnable>
                  <Skipped>0</Skipped>
                  <Ignored>0</Ignored>
                  <Time />
                  <Message>Test successful

Execution time: 0.03ms</Message>
                </UnitTestResult>
              </Results>
              <Tests>
                <TestRecord Name="MajorMinorRevisionTest">
                  <Results>
                    <UnitTestResult>
                      <TestDate>2013-05-12T09:06:12</TestDate>
                      <Passed>1</Passed>
                      <Errors>0</Errors>
                      <Failures>0</Failures>
                      <Inconclusive>0</Inconclusive>
                      <NotRunnable>0</NotRunnable>
                      <Skipped>0</Skipped>
                      <Ignored>0</Ignored>
                      <Time />
                      <Message>Test successful

Execution time: 0.01ms</Message>
                      <ConsoleOutput />
                      <ConsoleError />
                    </UnitTestResult>
                    <UnitTestResult>
                      <TestDate>2013-05-12T10:08:27</TestDate>
                      <Passed>1</Passed>
                      <Errors>0</Errors>
                      <Failures>0</Failures>
                      <Inconclusive>0</Inconclusive>
                      <NotRunnable>0</NotRunnable>
                      <Skipped>0</Skipped>
                      <Ignored>0</Ignored>
                      <Time />
                      <Message>Test successful

Execution time: 0.01ms</Message>
                      <ConsoleOutput />
                      <ConsoleError />
                    </UnitTestResult>
                    <UnitTestResult>
                      <TestDate>2013-05-12T18:57:11</TestDate>
                      <Passed>1</Passed>
                      <Errors>0</Errors>
                      <Failures>0</Failures>
                      <Inconclusive>0</Inconclusive>
                      <NotRunnable>0</NotRunnable>
                      <Skipped>0</Skipped>
                      <Ignored>0</Ignored>
                      <Time />
                      <Message>Test successful

Execution time: 0.01ms</Message>
                      <ConsoleOutput />
                      <ConsoleError />
                    </UnitTestResult>
                  </Results>
                  <Tests />
                </TestRecord>
                <TestRecord Name="MajorTest">
                  <Results>
                    <UnitTestResult>
                      <TestDate>2013-05-12T09:06:12</TestDate>
                      <Passed>1</Passed>
                      <Errors>0</Errors>
                      <Failures>0</Failures>
                      <Inconclusive>0</Inconclusive>
                      <NotRunnable>0</NotRunnable>
                      <Skipped>0</Skipped>
                      <Ignored>0</Ignored>
                      <Time />
                      <Message>Test successful

Execution time: 0.00ms</Message>
                      <ConsoleOutput />
                      <ConsoleError />
                    </UnitTestResult>
                    <UnitTestResult>
                      <TestDate>2013-05-12T10:08:27</TestDate>
                      <Passed>1</Passed>
                      <Errors>0</Errors>
                      <Failures>0</Failures>
                      <Inconclusive>0</Inconclusive>
                      <NotRunnable>0</NotRunnable>
                      <Skipped>0</Skipped>
                      <Ignored>0</Ignored>
                      <Time />
                      <Message>Test successful

Execution time: 0.00ms</Message>
                      <ConsoleOutput />
                      <ConsoleError />
                    </UnitTestResult>
                    <UnitTestResult>
                      <TestDate>2013-05-12T18:57:11</TestDate>
                      <Passed>1</Passed>
                      <Errors>0</Errors>
                      <Failures>0</Failures>
                      <Inconclusive>0</Inconclusive>
                      <NotRunnable>0</NotRunnable>
                      <Skipped>0</Skipped>
                      <Ignored>0</Ignored>
                      <Time />
                      <Message>Test successful

Execution time: 0.00ms</Message>
                      <ConsoleOutput />
                      <ConsoleError />
                    </UnitTestResult>
                  </Results>
                  <Tests />
                </TestRecord>
              </Tests>
            </TestRecord>
          </Tests>
        </TestRecord>
        <TestRecord Name="NodeResolverTest">
          <Results>
            <UnitTestResult>
              <TestDate>2013-05-12T09:06:12</TestDate>
              <Passed>7</Passed>
              <Errors>0</Errors>
              <Failures>0</Failures>
              <Inconclusive>0</Inconclusive>
              <NotRunnable>0</NotRunnable>
              <Skipped>0</Skipped>
              <Ignored>0</Ignored>
              <Time />
              <Message>Test successful

Execution time: 0.16ms</Message>
            </UnitTestResult>
          </Results>
          <Tests>
            <TestRecord Name="CacheFind">
              <Results>
                <UnitTestResult>
                  <TestDate>2013-05-12T09:06:12</TestDate>
                  <Passed>1</Passed>
                  <Errors>0</Errors>
                  <Failures>0</Failures>
                  <Inconclusive>0</Inconclusive>
                  <NotRunnable>0</NotRunnable>
                  <Skipped>0</Skipped>
                  <Ignored>0</Ignored>
                  <Time />
                  <Message>Test successful

Execution time: 0.03ms</Message>
                  <ConsoleOutput />
                  <ConsoleError />
                </UnitTestResult>
              </Results>
              <Tests />
            </TestRecord>
            <TestRecord Name="CacheRequires">
              <Results>
                <UnitTestResult>
                  <TestDate>2013-05-12T09:06:12</TestDate>
                  <Passed>1</Passed>
                  <Errors>0</Errors>
                  <Failures>0</Failures>
                  <Inconclusive>0</Inconclusive>
                  <NotRunnable>0</NotRunnable>
                  <Skipped>0</Skipped>
                  <Ignored>0</Ignored>
                  <Time />
                  <Message>Test successful

Execution time: 0.00ms</Message>
                  <ConsoleOutput />
                  <ConsoleError />
                </UnitTestResult>
              </Results>
              <Tests />
            </TestRecord>
            <TestRecord Name="DependencyWishList_HasMultipleMatches">
              <Results>
                <UnitTestResult>
                  <TestDate>2013-05-12T09:06:12</TestDate>
                  <Passed>1</Passed>
                  <Errors>0</Errors>
                  <Failures>0</Failures>
                  <Inconclusive>0</Inconclusive>
                  <NotRunnable>0</NotRunnable>
                  <Skipped>0</Skipped>
                  <Ignored>0</Ignored>
                  <Time />
                  <Message>Test successful

Execution time: 0.01ms</Message>
                  <ConsoleOutput />
                  <ConsoleError />
                </UnitTestResult>
              </Results>
              <Tests />
            </TestRecord>
            <TestRecord Name="DependencyWishlist_HasNoMatches">
              <Results>
                <UnitTestResult>
                  <TestDate>2013-05-12T09:06:12</TestDate>
                  <Passed>1</Passed>
                  <Errors>0</Errors>
                  <Failures>0</Failures>
                  <Inconclusive>0</Inconclusive>
                  <NotRunnable>0</NotRunnable>
                  <Skipped>0</Skipped>
                  <Ignored>0</Ignored>
                  <Time />
                  <Message>Test successful

Execution time: 0.00ms</Message>
                  <ConsoleOutput />
                  <ConsoleError />
                </UnitTestResult>
              </Results>
              <Tests />
            </TestRecord>
            <TestRecord Name="DependencyWishList_Resolved">
              <Results>
                <UnitTestResult>
                  <TestDate>2013-05-12T09:06:12</TestDate>
                  <Passed>1</Passed>
                  <Errors>0</Errors>
                  <Failures>0</Failures>
                  <Inconclusive>0</Inconclusive>
                  <NotRunnable>0</NotRunnable>
                  <Skipped>0</Skipped>
                  <Ignored>0</Ignored>
                  <Time />
                  <Message>Test successful

Execution time: 0.00ms</Message>
                  <ConsoleOutput />
                  <ConsoleError />
                </UnitTestResult>
              </Results>
              <Tests />
            </TestRecord>
            <TestRecord Name="ResolveSimple">
              <Results>
                <UnitTestResult>
                  <TestDate>2013-05-12T09:06:12</TestDate>
                  <Passed>1</Passed>
                  <Errors>0</Errors>
                  <Failures>0</Failures>
                  <Inconclusive>0</Inconclusive>
                  <NotRunnable>0</NotRunnable>
                  <Skipped>0</Skipped>
                  <Ignored>0</Ignored>
                  <Time />
                  <Message>Test successful

Execution time: 0.04ms</Message>
                  <ConsoleOutput>DependencyWishSet : picked from versions : 1.1.0,1.0.0
DependencyWishSet : picked from versions : 1.1.0,1.0.0
</ConsoleOutput>
                  <ConsoleError />
                </UnitTestResult>
              </Results>
              <Tests />
            </TestRecord>
            <TestRecord Name="ResolveSimple2">
              <Results>
                <UnitTestResult>
                  <TestDate>2013-05-12T09:06:12</TestDate>
                  <Passed>1</Passed>
                  <Errors>0</Errors>
                  <Failures>0</Failures>
                  <Inconclusive>0</Inconclusive>
                  <NotRunnable>0</NotRunnable>
                  <Skipped>0</Skipped>
                  <Ignored>0</Ignored>
                  <Time />
                  <Message>Test successful

Execution time: 0.00ms</Message>
                  <ConsoleOutput>DependencyWishSet : picked from versions : 1.1.0,1.0.0
DependencyWishSet : picked from versions : 1.1.0,1.0.0
DependencyWishSet : picked from versions : 1.4.0,1.3.0
</ConsoleOutput>
                  <ConsoleError />
                </UnitTestResult>
              </Results>
              <Tests />
            </TestRecord>
          </Tests>
        </TestRecord>
        <TestRecord Name="ProgramTest">
          <Results>
            <UnitTestResult>
              <TestDate>2013-05-12T09:06:12</TestDate>
              <Passed>1</Passed>
              <Errors>0</Errors>
              <Failures>0</Failures>
              <Inconclusive>0</Inconclusive>
              <NotRunnable>0</NotRunnable>
              <Skipped>0</Skipped>
              <Ignored>0</Ignored>
              <Time />
              <Message>Test successful

Execution time: 0.75ms</Message>
            </UnitTestResult>
            <UnitTestResult>
              <TestDate>2013-05-12T10:08:27</TestDate>
              <Passed>1</Passed>
              <Errors>0</Errors>
              <Failures>0</Failures>
              <Inconclusive>0</Inconclusive>
              <NotRunnable>0</NotRunnable>
              <Skipped>0</Skipped>
              <Ignored>0</Ignored>
              <Time />
              <Message>Test successful

Execution time: 0.77ms</Message>
            </UnitTestResult>
            <UnitTestResult>
              <TestDate>2013-05-12T18:57:11</TestDate>
              <Passed>1</Passed>
              <Errors>0</Errors>
              <Failures>0</Failures>
              <Inconclusive>0</Inconclusive>
              <NotRunnable>0</NotRunnable>
              <Skipped>0</Skipped>
              <Ignored>0</Ignored>
              <Time />
              <Message>Test successful

Execution time: 1.19ms</Message>
            </UnitTestResult>
          </Results>
          <Tests>
            <TestRecord Name="HappyPathTest">
              <Results>
                <UnitTestResult>
                  <TestDate>2013-05-12T09:06:12</TestDate>
                  <Passed>1</Passed>
                  <Errors>0</Errors>
                  <Failures>0</Failures>
                  <Inconclusive>0</Inconclusive>
                  <NotRunnable>0</NotRunnable>
                  <Skipped>0</Skipped>
                  <Ignored>0</Ignored>
                  <Time />
                  <Message>Test successful

Execution time: 0.75ms</Message>
                  <ConsoleOutput>[Debug] DependencyCache Versions dir 'U:\users\bert\workspace\nrequire\NRequire.Test\bin\Debug\ProgramTest\LocalCache\Group0\Name0'
[Debug] DependencyCache Versions dir.dirs '0.0.0'
[Debug] DependencyCache Versions found for dep DependencyWish@48835636&lt;
	Group:Group0,
	Name:Name0,
	Version:0.0.0,
	Ext:dll,
	Arch:Arch0,
	Runtime:Runtime0,
	Classifiers:,
	Scope:Compile,
	Url:http://nowhere.com/mydep0,
	CopyTo:MyLibDir,
	Related:[],
	Dependencies:[]
&gt; an classifier 'arch-Arch0_runtime-Runtime0' were 0.0.0
[Debug] Resolver Found versions:0.0.0
[Debug] Resolver Matched version 0.0.0 for dep DependencyWish@48835636&lt;
	Group:Group0,
	Name:Name0,
	Version:0.0.0,
	Ext:dll,
	Arch:Arch0,
	Runtime:Runtime0,
	Classifiers:,
	Scope:Compile,
	Url:http://nowhere.com/mydep0,
	CopyTo:MyLibDir,
	Related:[],
	Dependencies:[]
&gt;
[Debug] DependencyCache Versions dir 'U:\users\bert\workspace\nrequire\NRequire.Test\bin\Debug\ProgramTest\LocalCache\Group1\Name1'
[Debug] DependencyCache Versions dir.dirs '1.2.1,1.2.2,1.2.3'
[Debug] DependencyCache Versions found for dep DependencyWish@50119998&lt;
	Group:Group1,
	Name:Name1,
	Version:[1.2.2,),
	Ext:Ext1,
	Arch:any,
	Runtime:4.0,
	Classifiers:,
	Scope:Compile,
	Url:http://nowhere.com/mychild1,
	CopyTo:MyLibDir,
	Related:[related],
	Dependencies:[]
&gt; an classifier 'arch-any_runtime-4.0' were 1.2.3,1.2.2,1.2.1
[Debug] Resolver Found versions:1.2.3,1.2.2,1.2.1
[Debug] Resolver Matched version 1.2.3 for dep DependencyWish@50119998&lt;
	Group:Group1,
	Name:Name1,
	Version:[1.2.2,),
	Ext:Ext1,
	Arch:any,
	Runtime:4.0,
	Classifiers:,
	Scope:Compile,
	Url:http://nowhere.com/mychild1,
	CopyTo:MyLibDir,
	Related:[related],
	Dependencies:[]
&gt;
[Debug] DependencyCache Versions dir 'U:\users\bert\workspace\nrequire\NRequire.Test\bin\Debug\ProgramTest\LocalCache\Group2\Name2'
[Debug] DependencyCache Versions dir.dirs '4.5.6'
[Debug] DependencyCache Versions found for dep DependencyWish@24393646&lt;
	Group:Group2,
	Name:Name2,
	Version:[4.5.6],
	Ext:Ext2,
	Arch:any,
	Runtime:4.0,
	Classifiers:,
	Scope:Compile,
	Url:http://nowhere.com/mychild2,
	CopyTo:,
	Related:[],
	Dependencies:[
	DependencyWish@40807399&lt;
	Group:TransitiveGroup,
	Name:TransitiveName,
	Version:1.1.1,
	Ext:TransitiveExt,
	Arch:TransitiveArch,
	Runtime:TransitiveRuntime,
	Classifiers:,
	Scope:,
	Url:http://nowhere.com/myTransitive,
	CopyTo:MyLibDir,
	Related:[],
	Dependencies:[]
&gt;
	]
&gt; an classifier 'arch-any_runtime-4.0' were 4.5.6
[Debug] Resolver Found versions:4.5.6
[Debug] Resolver Matched version 4.5.6 for dep DependencyWish@24393646&lt;
	Group:Group2,
	Name:Name2,
	Version:[4.5.6],
	Ext:Ext2,
	Arch:any,
	Runtime:4.0,
	Classifiers:,
	Scope:Compile,
	Url:http://nowhere.com/mychild2,
	CopyTo:,
	Related:[],
	Dependencies:[
	DependencyWish@40807399&lt;
	Group:TransitiveGroup,
	Name:TransitiveName,
	Version:1.1.1,
	Ext:TransitiveExt,
	Arch:TransitiveArch,
	Runtime:TransitiveRuntime,
	Classifiers:,
	Scope:,
	Url:http://nowhere.com/myTransitive,
	CopyTo:MyLibDir,
	Related:[],
	Dependencies:[]
&gt;
	]
&gt;
[Debug] DependencyCache Versions dir 'U:\users\bert\workspace\nrequire\NRequire.Test\bin\Debug\ProgramTest\LocalCache\ProvidedGroup\ProvidedName'
[Debug] DependencyCache Versions dir.dirs '1.1.1'
[Debug] DependencyCache Versions found for dep DependencyWish@23972246&lt;
	Group:ProvidedGroup,
	Name:ProvidedName,
	Version:1.1.1,
	Ext:dll,
	Arch:any,
	Runtime:4.0,
	Classifiers:,
	Scope:Provided,
	Url:,
	CopyTo:MyLibDir,
	Related:[],
	Dependencies:[]
&gt; an classifier 'arch-any_runtime-4.0' were 1.1.1
[Debug] Resolver Found versions:1.1.1
[Debug] Resolver Matched version 1.1.1 for dep DependencyWish@23972246&lt;
	Group:ProvidedGroup,
	Name:ProvidedName,
	Version:1.1.1,
	Ext:dll,
	Arch:any,
	Runtime:4.0,
	Classifiers:,
	Scope:Provided,
	Url:,
	CopyTo:MyLibDir,
	Related:[],
	Dependencies:[]
&gt;
[Debug] DependencyCache Versions dir 'U:\users\bert\workspace\nrequire\NRequire.Test\bin\Debug\ProgramTest\LocalCache\TransitiveGroup\TransitiveName'
[Debug] DependencyCache Versions dir.dirs '1.1.1'
[Debug] DependencyCache Versions found for dep DependencyWish@5009246&lt;
	Group:TransitiveGroup,
	Name:TransitiveName,
	Version:1.1.1,
	Ext:TransitiveExt,
	Arch:TransitiveArch,
	Runtime:TransitiveRuntime,
	Classifiers:,
	Scope:Transitive,
	Url:http://nowhere.com/myTransitive,
	CopyTo:MyLibDir,
	Related:[],
	Dependencies:[]
&gt; an classifier 'arch-TransitiveArch_runtime-TransitiveRuntime' were 1.1.1
[Debug] Resolver Found versions:1.1.1
[Debug] Resolver Matched version 1.1.1 for dep DependencyWish@5009246&lt;
	Group:TransitiveGroup,
	Name:TransitiveName,
	Version:1.1.1,
	Ext:TransitiveExt,
	Arch:TransitiveArch,
	Runtime:TransitiveRuntime,
	Classifiers:,
	Scope:Transitive,
	Url:http://nowhere.com/myTransitive,
	CopyTo:MyLibDir,
	Related:[],
	Dependencies:[]
&gt;
</ConsoleOutput>
                  <ConsoleError />
                </UnitTestResult>
                <UnitTestResult>
                  <TestDate>2013-05-12T10:08:27</TestDate>
                  <Passed>1</Passed>
                  <Errors>0</Errors>
                  <Failures>0</Failures>
                  <Inconclusive>0</Inconclusive>
                  <NotRunnable>0</NotRunnable>
                  <Skipped>0</Skipped>
                  <Ignored>0</Ignored>
                  <Time />
                  <Message>Test successful

Execution time: 0.76ms</Message>
                  <ConsoleOutput>[Debug] DependencyCache Versions dir 'U:\users\bert\workspace\nrequire\NRequire.Test\bin\Debug\ProgramTest\LocalCache\Group0\Name0'
[Debug] DependencyCache Versions dir.dirs '0.0.0'
[Debug] DependencyCache Versions found for dep DependencyWish@29475730&lt;
	Group:Group0,
	Name:Name0,
	Version:0.0.0,
	Ext:dll,
	Arch:Arch0,
	Runtime:Runtime0,
	Classifiers:,
	Scope:Compile,
	Url:http://nowhere.com/mydep0,
	CopyTo:MyLibDir,
	Related:[],
	Dependencies:[]
&gt; an classifier 'arch-Arch0_runtime-Runtime0' were 0.0.0
[Debug] DependencyResolver Found versions:0.0.0
[Debug] DependencyResolver Matched version 0.0.0 for dep DependencyWish@29475730&lt;
	Group:Group0,
	Name:Name0,
	Version:0.0.0,
	Ext:dll,
	Arch:Arch0,
	Runtime:Runtime0,
	Classifiers:,
	Scope:Compile,
	Url:http://nowhere.com/mydep0,
	CopyTo:MyLibDir,
	Related:[],
	Dependencies:[]
&gt;
[Debug] DependencyCache Versions dir 'U:\users\bert\workspace\nrequire\NRequire.Test\bin\Debug\ProgramTest\LocalCache\Group1\Name1'
[Debug] DependencyCache Versions dir.dirs '1.2.1,1.2.2,1.2.3'
[Debug] DependencyCache Versions found for dep DependencyWish@51339472&lt;
	Group:Group1,
	Name:Name1,
	Version:[1.2.2,),
	Ext:Ext1,
	Arch:any,
	Runtime:4.0,
	Classifiers:,
	Scope:Compile,
	Url:http://nowhere.com/mychild1,
	CopyTo:MyLibDir,
	Related:[related],
	Dependencies:[]
&gt; an classifier 'arch-any_runtime-4.0' were 1.2.3,1.2.2,1.2.1
[Debug] DependencyResolver Found versions:1.2.3,1.2.2,1.2.1
[Debug] DependencyResolver Matched version 1.2.3 for dep DependencyWish@51339472&lt;
	Group:Group1,
	Name:Name1,
	Version:[1.2.2,),
	Ext:Ext1,
	Arch:any,
	Runtime:4.0,
	Classifiers:,
	Scope:Compile,
	Url:http://nowhere.com/mychild1,
	CopyTo:MyLibDir,
	Related:[related],
	Dependencies:[]
&gt;
[Debug] DependencyCache Versions dir 'U:\users\bert\workspace\nrequire\NRequire.Test\bin\Debug\ProgramTest\LocalCache\Group2\Name2'
[Debug] DependencyCache Versions dir.dirs '4.5.6'
[Debug] DependencyCache Versions found for dep DependencyWish@10801856&lt;
	Group:Group2,
	Name:Name2,
	Version:[4.5.6],
	Ext:Ext2,
	Arch:any,
	Runtime:4.0,
	Classifiers:,
	Scope:Compile,
	Url:http://nowhere.com/mychild2,
	CopyTo:,
	Related:[],
	Dependencies:[
	DependencyWish@28574894&lt;
	Group:TransitiveGroup,
	Name:TransitiveName,
	Version:1.1.1,
	Ext:TransitiveExt,
	Arch:TransitiveArch,
	Runtime:TransitiveRuntime,
	Classifiers:,
	Scope:,
	Url:http://nowhere.com/myTransitive,
	CopyTo:MyLibDir,
	Related:[],
	Dependencies:[]
&gt;
	]
&gt; an classifier 'arch-any_runtime-4.0' were 4.5.6
[Debug] DependencyResolver Found versions:4.5.6
[Debug] DependencyResolver Matched version 4.5.6 for dep DependencyWish@10801856&lt;
	Group:Group2,
	Name:Name2,
	Version:[4.5.6],
	Ext:Ext2,
	Arch:any,
	Runtime:4.0,
	Classifiers:,
	Scope:Compile,
	Url:http://nowhere.com/mychild2,
	CopyTo:,
	Related:[],
	Dependencies:[
	DependencyWish@28574894&lt;
	Group:TransitiveGroup,
	Name:TransitiveName,
	Version:1.1.1,
	Ext:TransitiveExt,
	Arch:TransitiveArch,
	Runtime:TransitiveRuntime,
	Classifiers:,
	Scope:,
	Url:http://nowhere.com/myTransitive,
	CopyTo:MyLibDir,
	Related:[],
	Dependencies:[]
&gt;
	]
&gt;
[Debug] DependencyCache Versions dir 'U:\users\bert\workspace\nrequire\NRequire.Test\bin\Debug\ProgramTest\LocalCache\ProvidedGroup\ProvidedName'
[Debug] DependencyCache Versions dir.dirs '1.1.1'
[Debug] DependencyCache Versions found for dep DependencyWish@16321512&lt;
	Group:ProvidedGroup,
	Name:ProvidedName,
	Version:1.1.1,
	Ext:dll,
	Arch:any,
	Runtime:4.0,
	Classifiers:,
	Scope:Provided,
	Url:,
	CopyTo:MyLibDir,
	Related:[],
	Dependencies:[]
&gt; an classifier 'arch-any_runtime-4.0' were 1.1.1
[Debug] DependencyResolver Found versions:1.1.1
[Debug] DependencyResolver Matched version 1.1.1 for dep DependencyWish@16321512&lt;
	Group:ProvidedGroup,
	Name:ProvidedName,
	Version:1.1.1,
	Ext:dll,
	Arch:any,
	Runtime:4.0,
	Classifiers:,
	Scope:Provided,
	Url:,
	CopyTo:MyLibDir,
	Related:[],
	Dependencies:[]
&gt;
[Debug] DependencyCache Versions dir 'U:\users\bert\workspace\nrequire\NRequire.Test\bin\Debug\ProgramTest\LocalCache\TransitiveGroup\TransitiveName'
[Debug] DependencyCache Versions dir.dirs '1.1.1'
[Debug] DependencyCache Versions found for dep DependencyWish@63379435&lt;
	Group:TransitiveGroup,
	Name:TransitiveName,
	Version:1.1.1,
	Ext:TransitiveExt,
	Arch:TransitiveArch,
	Runtime:TransitiveRuntime,
	Classifiers:,
	Scope:Transitive,
	Url:http://nowhere.com/myTransitive,
	CopyTo:MyLibDir,
	Related:[],
	Dependencies:[]
&gt; an classifier 'arch-TransitiveArch_runtime-TransitiveRuntime' were 1.1.1
[Debug] DependencyResolver Found versions:1.1.1
[Debug] DependencyResolver Matched version 1.1.1 for dep DependencyWish@63379435&lt;
	Group:TransitiveGroup,
	Name:TransitiveName,
	Version:1.1.1,
	Ext:TransitiveExt,
	Arch:TransitiveArch,
	Runtime:TransitiveRuntime,
	Classifiers:,
	Scope:Transitive,
	Url:http://nowhere.com/myTransitive,
	CopyTo:MyLibDir,
	Related:[],
	Dependencies:[]
&gt;
</ConsoleOutput>
                  <ConsoleError />
                </UnitTestResult>
                <UnitTestResult>
                  <TestDate>2013-05-12T18:57:11</TestDate>
                  <Passed>1</Passed>
                  <Errors>0</Errors>
                  <Failures>0</Failures>
                  <Inconclusive>0</Inconclusive>
                  <NotRunnable>0</NotRunnable>
                  <Skipped>0</Skipped>
                  <Ignored>0</Ignored>
                  <Time />
                  <Message>Test successful

Execution time: 1.19ms</Message>
                  <ConsoleOutput>[Debug] DependencyCache Versions dir 'U:\users\bert\workspace\nrequire\NRequire.Test\bin\Debug\ProgramTest\LocalCache\Group0\Name0'
[Debug] DependencyCache Versions dir.dirs '0.0.0'
[Debug] DependencyCache Versions found for dep DependencyWish@29475730&lt;
	Group:Group0,
	Name:Name0,
	Version:0.0.0,
	Ext:dll,
	Arch:Arch0,
	Runtime:Runtime0,
	Classifiers:,
	Scope:Compile,
	Url:http://nowhere.com/mydep0,
	CopyTo:MyLibDir,
	Related:[],
	Dependencies:[]
&gt; an classifier 'arch-Arch0_runtime-Runtime0' were 0.0.0
[Debug] DependencyResolverV1 Found versions:0.0.0
[Debug] DependencyResolverV1 Matched version 0.0.0 for dep DependencyWish@29475730&lt;
	Group:Group0,
	Name:Name0,
	Version:0.0.0,
	Ext:dll,
	Arch:Arch0,
	Runtime:Runtime0,
	Classifiers:,
	Scope:Compile,
	Url:http://nowhere.com/mydep0,
	CopyTo:MyLibDir,
	Related:[],
	Dependencies:[]
&gt;
[Debug] DependencyCache Versions dir 'U:\users\bert\workspace\nrequire\NRequire.Test\bin\Debug\ProgramTest\LocalCache\Group1\Name1'
[Debug] DependencyCache Versions dir.dirs '1.2.1,1.2.2,1.2.3'
[Debug] DependencyCache Versions found for dep DependencyWish@51339472&lt;
	Group:Group1,
	Name:Name1,
	Version:[1.2.2,),
	Ext:Ext1,
	Arch:any,
	Runtime:4.0,
	Classifiers:,
	Scope:Compile,
	Url:http://nowhere.com/mychild1,
	CopyTo:MyLibDir,
	Related:[related],
	Dependencies:[]
&gt; an classifier 'arch-any_runtime-4.0' were 1.2.3,1.2.2,1.2.1
[Debug] DependencyResolverV1 Found versions:1.2.3,1.2.2,1.2.1
[Debug] DependencyResolverV1 Matched version 1.2.3 for dep DependencyWish@51339472&lt;
	Group:Group1,
	Name:Name1,
	Version:[1.2.2,),
	Ext:Ext1,
	Arch:any,
	Runtime:4.0,
	Classifiers:,
	Scope:Compile,
	Url:http://nowhere.com/mychild1,
	CopyTo:MyLibDir,
	Related:[related],
	Dependencies:[]
&gt;
[Debug] DependencyCache Versions dir 'U:\users\bert\workspace\nrequire\NRequire.Test\bin\Debug\ProgramTest\LocalCache\Group2\Name2'
[Debug] DependencyCache Versions dir.dirs '4.5.6'
[Debug] DependencyCache Versions found for dep DependencyWish@10801856&lt;
	Group:Group2,
	Name:Name2,
	Version:[4.5.6],
	Ext:Ext2,
	Arch:any,
	Runtime:4.0,
	Classifiers:,
	Scope:Compile,
	Url:http://nowhere.com/mychild2,
	CopyTo:,
	Related:[],
	Dependencies:[
	DependencyWish@28574894&lt;
	Group:TransitiveGroup,
	Name:TransitiveName,
	Version:1.1.1,
	Ext:TransitiveExt,
	Arch:TransitiveArch,
	Runtime:TransitiveRuntime,
	Classifiers:,
	Scope:,
	Url:http://nowhere.com/myTransitive,
	CopyTo:MyLibDir,
	Related:[],
	Dependencies:[]
&gt;
	]
&gt; an classifier 'arch-any_runtime-4.0' were 4.5.6
[Debug] DependencyResolverV1 Found versions:4.5.6
[Debug] DependencyResolverV1 Matched version 4.5.6 for dep DependencyWish@10801856&lt;
	Group:Group2,
	Name:Name2,
	Version:[4.5.6],
	Ext:Ext2,
	Arch:any,
	Runtime:4.0,
	Classifiers:,
	Scope:Compile,
	Url:http://nowhere.com/mychild2,
	CopyTo:,
	Related:[],
	Dependencies:[
	DependencyWish@28574894&lt;
	Group:TransitiveGroup,
	Name:TransitiveName,
	Version:1.1.1,
	Ext:TransitiveExt,
	Arch:TransitiveArch,
	Runtime:TransitiveRuntime,
	Classifiers:,
	Scope:,
	Url:http://nowhere.com/myTransitive,
	CopyTo:MyLibDir,
	Related:[],
	Dependencies:[]
&gt;
	]
&gt;
[Debug] DependencyCache Versions dir 'U:\users\bert\workspace\nrequire\NRequire.Test\bin\Debug\ProgramTest\LocalCache\ProvidedGroup\ProvidedName'
[Debug] DependencyCache Versions dir.dirs '1.1.1'
[Debug] DependencyCache Versions found for dep DependencyWish@16321512&lt;
	Group:ProvidedGroup,
	Name:ProvidedName,
	Version:1.1.1,
	Ext:dll,
	Arch:any,
	Runtime:4.0,
	Classifiers:,
	Scope:Provided,
	Url:,
	CopyTo:MyLibDir,
	Related:[],
	Dependencies:[]
&gt; an classifier 'arch-any_runtime-4.0' were 1.1.1
[Debug] DependencyResolverV1 Found versions:1.1.1
[Debug] DependencyResolverV1 Matched version 1.1.1 for dep DependencyWish@16321512&lt;
	Group:ProvidedGroup,
	Name:ProvidedName,
	Version:1.1.1,
	Ext:dll,
	Arch:any,
	Runtime:4.0,
	Classifiers:,
	Scope:Provided,
	Url:,
	CopyTo:MyLibDir,
	Related:[],
	Dependencies:[]
&gt;
[Debug] DependencyCache Versions dir 'U:\users\bert\workspace\nrequire\NRequire.Test\bin\Debug\ProgramTest\LocalCache\TransitiveGroup\TransitiveName'
[Debug] DependencyCache Versions dir.dirs '1.1.1'
[Debug] DependencyCache Versions found for dep DependencyWish@63379435&lt;
	Group:TransitiveGroup,
	Name:TransitiveName,
	Version:1.1.1,
	Ext:TransitiveExt,
	Arch:TransitiveArch,
	Runtime:TransitiveRuntime,
	Classifiers:,
	Scope:Transitive,
	Url:http://nowhere.com/myTransitive,
	CopyTo:MyLibDir,
	Related:[],
	Dependencies:[]
&gt; an classifier 'arch-TransitiveArch_runtime-TransitiveRuntime' were 1.1.1
[Debug] DependencyResolverV1 Found versions:1.1.1
[Debug] DependencyResolverV1 Matched version 1.1.1 for dep DependencyWish@63379435&lt;
	Group:TransitiveGroup,
	Name:TransitiveName,
	Version:1.1.1,
	Ext:TransitiveExt,
	Arch:TransitiveArch,
	Runtime:TransitiveRuntime,
	Classifiers:,
	Scope:Transitive,
	Url:http://nowhere.com/myTransitive,
	CopyTo:MyLibDir,
	Related:[],
	Dependencies:[]
&gt;
</ConsoleOutput>
                  <ConsoleError />
                </UnitTestResult>
              </Results>
              <Tests />
            </TestRecord>
          </Tests>
        </TestRecord>
        <TestRecord Name="ResolverTest">
          <Results>
            <UnitTestResult>
              <TestDate>2013-05-12T09:06:12</TestDate>
              <Passed>2</Passed>
              <Errors>0</Errors>
              <Failures>0</Failures>
              <Inconclusive>0</Inconclusive>
              <NotRunnable>0</NotRunnable>
              <Skipped>0</Skipped>
              <Ignored>0</Ignored>
              <Time />
              <Message>Test successful

Execution time: 0.07ms</Message>
            </UnitTestResult>
            <UnitTestResult>
              <TestDate>2013-05-12T10:08:27</TestDate>
              <Passed>2</Passed>
              <Errors>0</Errors>
              <Failures>0</Failures>
              <Inconclusive>0</Inconclusive>
              <NotRunnable>0</NotRunnable>
              <Skipped>0</Skipped>
              <Ignored>0</Ignored>
              <Time />
              <Message>Test successful

Execution time: 0.07ms</Message>
            </UnitTestResult>
            <UnitTestResult>
              <TestDate>2013-05-12T18:57:11</TestDate>
              <Passed>2</Passed>
              <Errors>0</Errors>
              <Failures>0</Failures>
              <Inconclusive>0</Inconclusive>
              <NotRunnable>0</NotRunnable>
              <Skipped>0</Skipped>
              <Ignored>0</Ignored>
              <Time />
              <Message>Test successful

Execution time: 0.13ms</Message>
            </UnitTestResult>
          </Results>
          <Tests>
            <TestRecord Name="ResolveToLatestMatchingVersion">
              <Results>
                <UnitTestResult>
                  <TestDate>2013-05-12T09:06:12</TestDate>
                  <Passed>1</Passed>
                  <Errors>0</Errors>
                  <Failures>0</Failures>
                  <Inconclusive>0</Inconclusive>
                  <NotRunnable>0</NotRunnable>
                  <Skipped>0</Skipped>
                  <Ignored>0</Ignored>
                  <Time />
                  <Message>Test successful

Execution time: 0.03ms</Message>
                  <ConsoleOutput>[Debug] DependencyCache Versions dir 'C:\tmp\nunit-NRequire.FileUtil\1368349576617.43\Group\Name'
[Debug] DependencyCache Versions dir.dirs '1.2.3,1.2.4,1.2.5,1.2.6,1.2.7'
[Debug] DependencyCache Versions found for dep DependencyWish@13063473&lt;
	Group:Group,
	Name:Name,
	Version:[1.2.2,1.2.7),
	Ext:Ext,
	Arch:Any,
	Runtime:Any,
	Classifiers:,
	Scope:Compile,
	Url:,
	CopyTo:,
	Related:[],
	Dependencies:[]
&gt; an classifier 'arch-Any_runtime-Any' were 1.2.7,1.2.6,1.2.5,1.2.4,1.2.3
[Debug] Resolver Found versions:1.2.7,1.2.6,1.2.5,1.2.4,1.2.3
[Debug] Resolver Matched version 1.2.6 for dep DependencyWish@13063473&lt;
	Group:Group,
	Name:Name,
	Version:[1.2.2,1.2.7),
	Ext:Ext,
	Arch:Any,
	Runtime:Any,
	Classifiers:,
	Scope:Compile,
	Url:,
	CopyTo:,
	Related:[],
	Dependencies:[]
&gt;
</ConsoleOutput>
                  <ConsoleError />
                </UnitTestResult>
                <UnitTestResult>
                  <TestDate>2013-05-12T10:08:27</TestDate>
                  <Passed>1</Passed>
                  <Errors>0</Errors>
                  <Failures>0</Failures>
                  <Inconclusive>0</Inconclusive>
                  <NotRunnable>0</NotRunnable>
                  <Skipped>0</Skipped>
                  <Ignored>0</Ignored>
                  <Time />
                  <Message>Test successful

Execution time: 0.04ms</Message>
                  <ConsoleOutput>[Debug] DependencyCache Versions dir 'C:\tmp\nunit-NRequire.FileUtil\1368353311393.28\Group\Name'
[Debug] DependencyCache Versions dir.dirs '1.2.3,1.2.4,1.2.5,1.2.6,1.2.7'
[Debug] DependencyCache Versions found for dep DependencyWish@13063473&lt;
	Group:Group,
	Name:Name,
	Version:[1.2.2,1.2.7),
	Ext:Ext,
	Arch:Any,
	Runtime:Any,
	Classifiers:,
	Scope:Compile,
	Url:,
	CopyTo:,
	Related:[],
	Dependencies:[]
&gt; an classifier 'arch-Any_runtime-Any' were 1.2.7,1.2.6,1.2.5,1.2.4,1.2.3
[Debug] DependencyResolver Found versions:1.2.7,1.2.6,1.2.5,1.2.4,1.2.3
[Debug] DependencyResolver Matched version 1.2.6 for dep DependencyWish@13063473&lt;
	Group:Group,
	Name:Name,
	Version:[1.2.2,1.2.7),
	Ext:Ext,
	Arch:Any,
	Runtime:Any,
	Classifiers:,
	Scope:Compile,
	Url:,
	CopyTo:,
	Related:[],
	Dependencies:[]
&gt;
</ConsoleOutput>
                  <ConsoleError />
                </UnitTestResult>
                <UnitTestResult>
                  <TestDate>2013-05-12T18:57:11</TestDate>
                  <Passed>1</Passed>
                  <Errors>0</Errors>
                  <Failures>0</Failures>
                  <Inconclusive>0</Inconclusive>
                  <NotRunnable>0</NotRunnable>
                  <Skipped>0</Skipped>
                  <Ignored>0</Ignored>
                  <Time />
                  <Message>Test successful

Execution time: 0.06ms</Message>
                  <ConsoleOutput>[Debug] DependencyCache Versions dir 'C:\tmp\nunit-NRequire.FileUtil\1368385038369.26\Group\Name'
[Debug] DependencyCache Versions dir.dirs '1.2.3,1.2.4,1.2.5,1.2.6,1.2.7'
[Debug] DependencyCache Versions found for dep DependencyWish@50985389&lt;
	Group:Group,
	Name:Name,
	Version:[1.2.2,1.2.7),
	Ext:Ext,
	Arch:Any,
	Runtime:Any,
	Classifiers:,
	Scope:Compile,
	Url:,
	CopyTo:,
	Related:[],
	Dependencies:[]
&gt; an classifier 'arch-Any_runtime-Any' were 1.2.7,1.2.6,1.2.5,1.2.4,1.2.3
[Debug] DependencyResolverV1 Found versions:1.2.7,1.2.6,1.2.5,1.2.4,1.2.3
[Debug] DependencyResolverV1 Matched version 1.2.6 for dep DependencyWish@50985389&lt;
	Group:Group,
	Name:Name,
	Version:[1.2.2,1.2.7),
	Ext:Ext,
	Arch:Any,
	Runtime:Any,
	Classifiers:,
	Scope:Compile,
	Url:,
	CopyTo:,
	Related:[],
	Dependencies:[]
&gt;
</ConsoleOutput>
                  <ConsoleError />
                </UnitTestResult>
              </Results>
              <Tests />
            </TestRecord>
            <TestRecord Name="ResolveTransitiveDepsTest">
              <Results>
                <UnitTestResult>
                  <TestDate>2013-05-12T09:06:12</TestDate>
                  <Passed>1</Passed>
                  <Errors>0</Errors>
                  <Failures>0</Failures>
                  <Inconclusive>0</Inconclusive>
                  <NotRunnable>0</NotRunnable>
                  <Skipped>0</Skipped>
                  <Ignored>0</Ignored>
                  <Time />
                  <Message>Test successful

Execution time: 0.02ms</Message>
                  <ConsoleOutput>[Debug] DependencyCache Versions dir 'C:\tmp\nunit-NRequire.FileUtil\1368349576662.43\Group\Name'
[Debug] DependencyCache Versions dir.dirs '1.2.3,1.2.4'
[Debug] DependencyCache Versions found for dep DependencyWish@31981697&lt;
	Group:Group,
	Name:Name,
	Version:1.2.4,
	Ext:Ext,
	Arch:Any,
	Runtime:Any,
	Classifiers:,
	Scope:Compile,
	Url:,
	CopyTo:,
	Related:[],
	Dependencies:[]
&gt; an classifier 'arch-Any_runtime-Any' were 1.2.4,1.2.3
[Debug] Resolver Found versions:1.2.4,1.2.3
[Debug] Resolver Matched version 1.2.4 for dep DependencyWish@31981697&lt;
	Group:Group,
	Name:Name,
	Version:1.2.4,
	Ext:Ext,
	Arch:Any,
	Runtime:Any,
	Classifiers:,
	Scope:Compile,
	Url:,
	CopyTo:,
	Related:[],
	Dependencies:[]
&gt;
</ConsoleOutput>
                  <ConsoleError />
                </UnitTestResult>
                <UnitTestResult>
                  <TestDate>2013-05-12T10:08:27</TestDate>
                  <Passed>1</Passed>
                  <Errors>0</Errors>
                  <Failures>0</Failures>
                  <Inconclusive>0</Inconclusive>
                  <NotRunnable>0</NotRunnable>
                  <Skipped>0</Skipped>
                  <Ignored>0</Ignored>
                  <Time />
                  <Message>Test successful

Execution time: 0.02ms</Message>
                  <ConsoleOutput>[Debug] DependencyCache Versions dir 'C:\tmp\nunit-NRequire.FileUtil\1368353311441.29\Group\Name'
[Debug] DependencyCache Versions dir.dirs '1.2.3,1.2.4'
[Debug] DependencyCache Versions found for dep DependencyWish@31981697&lt;
	Group:Group,
	Name:Name,
	Version:1.2.4,
	Ext:Ext,
	Arch:Any,
	Runtime:Any,
	Classifiers:,
	Scope:Compile,
	Url:,
	CopyTo:,
	Related:[],
	Dependencies:[]
&gt; an classifier 'arch-Any_runtime-Any' were 1.2.4,1.2.3
[Debug] DependencyResolver Found versions:1.2.4,1.2.3
[Debug] DependencyResolver Matched version 1.2.4 for dep DependencyWish@31981697&lt;
	Group:Group,
	Name:Name,
	Version:1.2.4,
	Ext:Ext,
	Arch:Any,
	Runtime:Any,
	Classifiers:,
	Scope:Compile,
	Url:,
	CopyTo:,
	Related:[],
	Dependencies:[]
&gt;
</ConsoleOutput>
                  <ConsoleError />
                </UnitTestResult>
                <UnitTestResult>
                  <TestDate>2013-05-12T18:57:11</TestDate>
                  <Passed>1</Passed>
                  <Errors>0</Errors>
                  <Failures>0</Failures>
                  <Inconclusive>0</Inconclusive>
                  <NotRunnable>0</NotRunnable>
                  <Skipped>0</Skipped>
                  <Ignored>0</Ignored>
                  <Time />
                  <Message>Test successful

Execution time: 0.04ms</Message>
                  <ConsoleOutput>[Debug] DependencyCache Versions dir 'C:\tmp\nunit-NRequire.FileUtil\1368385038452.26\Group\Name'
[Debug] DependencyCache Versions dir.dirs '1.2.3,1.2.4'
[Debug] DependencyCache Versions found for dep DependencyWish@29890231&lt;
	Group:Group,
	Name:Name,
	Version:1.2.4,
	Ext:Ext,
	Arch:Any,
	Runtime:Any,
	Classifiers:,
	Scope:Compile,
	Url:,
	CopyTo:,
	Related:[],
	Dependencies:[]
&gt; an classifier 'arch-Any_runtime-Any' were 1.2.4,1.2.3
[Debug] DependencyResolverV1 Found versions:1.2.4,1.2.3
[Debug] DependencyResolverV1 Matched version 1.2.4 for dep DependencyWish@29890231&lt;
	Group:Group,
	Name:Name,
	Version:1.2.4,
	Ext:Ext,
	Arch:Any,
	Runtime:Any,
	Classifiers:,
	Scope:Compile,
	Url:,
	CopyTo:,
	Related:[],
	Dependencies:[]
&gt;
</ConsoleOutput>
                  <ConsoleError />
                </UnitTestResult>
              </Results>
              <Tests />
            </TestRecord>
          </Tests>
        </TestRecord>
        <TestRecord Name="VersionMatcherTest">
          <Results>
            <UnitTestResult>
              <TestDate>2013-05-12T09:06:12</TestDate>
              <Passed>3</Passed>
              <Errors>0</Errors>
              <Failures>0</Failures>
              <Inconclusive>0</Inconclusive>
              <NotRunnable>0</NotRunnable>
              <Skipped>0</Skipped>
              <Ignored>0</Ignored>
              <Time />
              <Message>Test successful

Execution time: 0.03ms</Message>
            </UnitTestResult>
            <UnitTestResult>
              <TestDate>2013-05-12T10:08:27</TestDate>
              <Passed>3</Passed>
              <Errors>0</Errors>
              <Failures>0</Failures>
              <Inconclusive>0</Inconclusive>
              <NotRunnable>0</NotRunnable>
              <Skipped>0</Skipped>
              <Ignored>0</Ignored>
              <Time />
              <Message>Test successful

Execution time: 0.04ms</Message>
            </UnitTestResult>
            <UnitTestResult>
              <TestDate>2013-05-12T18:57:11</TestDate>
              <Passed>3</Passed>
              <Errors>0</Errors>
              <Failures>0</Failures>
              <Inconclusive>0</Inconclusive>
              <NotRunnable>0</NotRunnable>
              <Skipped>0</Skipped>
              <Ignored>0</Ignored>
              <Time />
              <Message>Test successful

Execution time: 0.05ms</Message>
            </UnitTestResult>
          </Results>
          <Tests>
            <TestRecord Name="RangeMatchTest">
              <Results>
                <UnitTestResult>
                  <TestDate>2013-05-12T09:06:12</TestDate>
                  <Passed>1</Passed>
                  <Errors>0</Errors>
                  <Failures>0</Failures>
                  <Inconclusive>0</Inconclusive>
                  <NotRunnable>0</NotRunnable>
                  <Skipped>0</Skipped>
                  <Ignored>0</Ignored>
                  <Time />
                  <Message>Test successful

Execution time: 0.00ms</Message>
                  <ConsoleOutput />
                  <ConsoleError />
                </UnitTestResult>
                <UnitTestResult>
                  <TestDate>2013-05-12T10:08:27</TestDate>
                  <Passed>1</Passed>
                  <Errors>0</Errors>
                  <Failures>0</Failures>
                  <Inconclusive>0</Inconclusive>
                  <NotRunnable>0</NotRunnable>
                  <Skipped>0</Skipped>
                  <Ignored>0</Ignored>
                  <Time />
                  <Message>Test successful

Execution time: 0.00ms</Message>
                  <ConsoleOutput />
                  <ConsoleError />
                </UnitTestResult>
                <UnitTestResult>
                  <TestDate>2013-05-12T18:57:11</TestDate>
                  <Passed>1</Passed>
                  <Errors>0</Errors>
                  <Failures>0</Failures>
                  <Inconclusive>0</Inconclusive>
                  <NotRunnable>0</NotRunnable>
                  <Skipped>0</Skipped>
                  <Ignored>0</Ignored>
                  <Time />
                  <Message>Test successful

Execution time: 0.01ms</Message>
                  <ConsoleOutput />
                  <ConsoleError />
                </UnitTestResult>
              </Results>
              <Tests />
            </TestRecord>
            <TestRecord Name="SimpleMatchTest">
              <Results>
                <UnitTestResult>
                  <TestDate>2013-05-12T09:06:12</TestDate>
                  <Passed>1</Passed>
                  <Errors>0</Errors>
                  <Failures>0</Failures>
                  <Inconclusive>0</Inconclusive>
                  <NotRunnable>0</NotRunnable>
                  <Skipped>0</Skipped>
                  <Ignored>0</Ignored>
                  <Time />
                  <Message>Test successful

Execution time: 0.01ms</Message>
                  <ConsoleOutput />
                  <ConsoleError />
                </UnitTestResult>
                <UnitTestResult>
                  <TestDate>2013-05-12T10:08:27</TestDate>
                  <Passed>1</Passed>
                  <Errors>0</Errors>
                  <Failures>0</Failures>
                  <Inconclusive>0</Inconclusive>
                  <NotRunnable>0</NotRunnable>
                  <Skipped>0</Skipped>
                  <Ignored>0</Ignored>
                  <Time />
                  <Message>Test successful

Execution time: 0.01ms</Message>
                  <ConsoleOutput />
                  <ConsoleError />
                </UnitTestResult>
                <UnitTestResult>
                  <TestDate>2013-05-12T18:57:11</TestDate>
                  <Passed>1</Passed>
                  <Errors>0</Errors>
                  <Failures>0</Failures>
                  <Inconclusive>0</Inconclusive>
                  <NotRunnable>0</NotRunnable>
                  <Skipped>0</Skipped>
                  <Ignored>0</Ignored>
                  <Time />
                  <Message>Test successful

Execution time: 0.01ms</Message>
                  <ConsoleOutput />
                  <ConsoleError />
                </UnitTestResult>
              </Results>
              <Tests />
            </TestRecord>
            <TestRecord Name="SimpleRangeMatchTest">
              <Results>
                <UnitTestResult>
                  <TestDate>2013-05-12T09:06:12</TestDate>
                  <Passed>1</Passed>
                  <Errors>0</Errors>
                  <Failures>0</Failures>
                  <Inconclusive>0</Inconclusive>
                  <NotRunnable>0</NotRunnable>
                  <Skipped>0</Skipped>
                  <Ignored>0</Ignored>
                  <Time />
                  <Message>Test successful

Execution time: 0.00ms</Message>
                  <ConsoleOutput />
                  <ConsoleError />
                </UnitTestResult>
                <UnitTestResult>
                  <TestDate>2013-05-12T10:08:27</TestDate>
                  <Passed>1</Passed>
                  <Errors>0</Errors>
                  <Failures>0</Failures>
                  <Inconclusive>0</Inconclusive>
                  <NotRunnable>0</NotRunnable>
                  <Skipped>0</Skipped>
                  <Ignored>0</Ignored>
                  <Time />
                  <Message>Test successful

Execution time: 0.00ms</Message>
                  <ConsoleOutput />
                  <ConsoleError />
                </UnitTestResult>
                <UnitTestResult>
                  <TestDate>2013-05-12T18:57:11</TestDate>
                  <Passed>1</Passed>
                  <Errors>0</Errors>
                  <Failures>0</Failures>
                  <Inconclusive>0</Inconclusive>
                  <NotRunnable>0</NotRunnable>
                  <Skipped>0</Skipped>
                  <Ignored>0</Ignored>
                  <Time />
                  <Message>Test successful

Execution time: 0.00ms</Message>
                  <ConsoleOutput />
                  <ConsoleError />
                </UnitTestResult>
              </Results>
              <Tests />
            </TestRecord>
          </Tests>
        </TestRecord>
        <TestRecord Name="VersionTest">
          <Results>
            <UnitTestResult>
              <TestDate>2013-05-12T09:06:12</TestDate>
              <Passed>10</Passed>
              <Errors>0</Errors>
              <Failures>0</Failures>
              <Inconclusive>0</Inconclusive>
              <NotRunnable>0</NotRunnable>
              <Skipped>0</Skipped>
              <Ignored>0</Ignored>
              <Time />
              <Message>Test successful

Execution time: 0.11ms</Message>
            </UnitTestResult>
            <UnitTestResult>
              <TestDate>2013-05-12T10:08:27</TestDate>
              <Passed>10</Passed>
              <Errors>0</Errors>
              <Failures>0</Failures>
              <Inconclusive>0</Inconclusive>
              <NotRunnable>0</NotRunnable>
              <Skipped>0</Skipped>
              <Ignored>0</Ignored>
              <Time />
              <Message>Test successful

Execution time: 0.11ms</Message>
            </UnitTestResult>
            <UnitTestResult>
              <TestDate>2013-05-12T18:57:11</TestDate>
              <Passed>10</Passed>
              <Errors>0</Errors>
              <Failures>0</Failures>
              <Inconclusive>0</Inconclusive>
              <NotRunnable>0</NotRunnable>
              <Skipped>0</Skipped>
              <Ignored>0</Ignored>
              <Time />
              <Message>Test successful

Execution time: 0.15ms</Message>
            </UnitTestResult>
          </Results>
          <Tests>
            <TestRecord Name="CompareToTests">
              <Results>
                <UnitTestResult>
                  <TestDate>2013-05-12T09:06:12</TestDate>
                  <Passed>1</Passed>
                  <Errors>0</Errors>
                  <Failures>0</Failures>
                  <Inconclusive>0</Inconclusive>
                  <NotRunnable>0</NotRunnable>
                  <Skipped>0</Skipped>
                  <Ignored>0</Ignored>
                  <Time />
                  <Message>Test successful

Execution time: 0.00ms</Message>
                  <ConsoleOutput />
                  <ConsoleError />
                </UnitTestResult>
                <UnitTestResult>
                  <TestDate>2013-05-12T10:08:27</TestDate>
                  <Passed>1</Passed>
                  <Errors>0</Errors>
                  <Failures>0</Failures>
                  <Inconclusive>0</Inconclusive>
                  <NotRunnable>0</NotRunnable>
                  <Skipped>0</Skipped>
                  <Ignored>0</Ignored>
                  <Time />
                  <Message>Test successful

Execution time: 0.00ms</Message>
                  <ConsoleOutput />
                  <ConsoleError />
                </UnitTestResult>
                <UnitTestResult>
                  <TestDate>2013-05-12T18:57:11</TestDate>
                  <Passed>1</Passed>
                  <Errors>0</Errors>
                  <Failures>0</Failures>
                  <Inconclusive>0</Inconclusive>
                  <NotRunnable>0</NotRunnable>
                  <Skipped>0</Skipped>
                  <Ignored>0</Ignored>
                  <Time />
                  <Message>Test successful

Execution time: 0.00ms</Message>
                  <ConsoleOutput />
                  <ConsoleError />
                </UnitTestResult>
              </Results>
              <Tests />
            </TestRecord>
            <TestRecord Name="MajorMinor">
              <Results>
                <UnitTestResult>
                  <TestDate>2013-05-12T09:06:12</TestDate>
                  <Passed>1</Passed>
                  <Errors>0</Errors>
                  <Failures>0</Failures>
                  <Inconclusive>0</Inconclusive>
                  <NotRunnable>0</NotRunnable>
                  <Skipped>0</Skipped>
                  <Ignored>0</Ignored>
                  <Time />
                  <Message>Test successful

Execution time: 0.01ms</Message>
                  <ConsoleOutput />
                  <ConsoleError />
                </UnitTestResult>
                <UnitTestResult>
                  <TestDate>2013-05-12T10:08:27</TestDate>
                  <Passed>1</Passed>
                  <Errors>0</Errors>
                  <Failures>0</Failures>
                  <Inconclusive>0</Inconclusive>
                  <NotRunnable>0</NotRunnable>
                  <Skipped>0</Skipped>
                  <Ignored>0</Ignored>
                  <Time />
                  <Message>Test successful

Execution time: 0.01ms</Message>
                  <ConsoleOutput />
                  <ConsoleError />
                </UnitTestResult>
                <UnitTestResult>
                  <TestDate>2013-05-12T18:57:11</TestDate>
                  <Passed>1</Passed>
                  <Errors>0</Errors>
                  <Failures>0</Failures>
                  <Inconclusive>0</Inconclusive>
                  <NotRunnable>0</NotRunnable>
                  <Skipped>0</Skipped>
                  <Ignored>0</Ignored>
                  <Time />
                  <Message>Test successful

Execution time: 0.01ms</Message>
                  <ConsoleOutput />
                  <ConsoleError />
                </UnitTestResult>
              </Results>
              <Tests />
            </TestRecord>
            <TestRecord Name="MajorMinorRevision">
              <Results>
                <UnitTestResult>
                  <TestDate>2013-05-12T09:06:12</TestDate>
                  <Passed>1</Passed>
                  <Errors>0</Errors>
                  <Failures>0</Failures>
                  <Inconclusive>0</Inconclusive>
                  <NotRunnable>0</NotRunnable>
                  <Skipped>0</Skipped>
                  <Ignored>0</Ignored>
                  <Time />
                  <Message>Test successful

Execution time: 0.00ms</Message>
                  <ConsoleOutput />
                  <ConsoleError />
                </UnitTestResult>
                <UnitTestResult>
                  <TestDate>2013-05-12T10:08:27</TestDate>
                  <Passed>1</Passed>
                  <Errors>0</Errors>
                  <Failures>0</Failures>
                  <Inconclusive>0</Inconclusive>
                  <NotRunnable>0</NotRunnable>
                  <Skipped>0</Skipped>
                  <Ignored>0</Ignored>
                  <Time />
                  <Message>Test successful

Execution time: 0.00ms</Message>
                  <ConsoleOutput />
                  <ConsoleError />
                </UnitTestResult>
                <UnitTestResult>
                  <TestDate>2013-05-12T18:57:11</TestDate>
                  <Passed>1</Passed>
                  <Errors>0</Errors>
                  <Failures>0</Failures>
                  <Inconclusive>0</Inconclusive>
                  <NotRunnable>0</NotRunnable>
                  <Skipped>0</Skipped>
                  <Ignored>0</Ignored>
                  <Time />
                  <Message>Test successful

Execution time: 0.00ms</Message>
                  <ConsoleOutput />
                  <ConsoleError />
                </UnitTestResult>
              </Results>
              <Tests />
            </TestRecord>
            <TestRecord Name="MajorOnly">
              <Results>
                <UnitTestResult>
                  <TestDate>2013-05-12T09:06:12</TestDate>
                  <Passed>1</Passed>
                  <Errors>0</Errors>
                  <Failures>0</Failures>
                  <Inconclusive>0</Inconclusive>
                  <NotRunnable>0</NotRunnable>
                  <Skipped>0</Skipped>
                  <Ignored>0</Ignored>
                  <Time />
                  <Message>Test successful

Execution time: 0.00ms</Message>
                  <ConsoleOutput />
                  <ConsoleError />
                </UnitTestResult>
                <UnitTestResult>
                  <TestDate>2013-05-12T10:08:27</TestDate>
                  <Passed>1</Passed>
                  <Errors>0</Errors>
                  <Failures>0</Failures>
                  <Inconclusive>0</Inconclusive>
                  <NotRunnable>0</NotRunnable>
                  <Skipped>0</Skipped>
                  <Ignored>0</Ignored>
                  <Time />
                  <Message>Test successful

Execution time: 0.00ms</Message>
                  <ConsoleOutput />
                  <ConsoleError />
                </UnitTestResult>
                <UnitTestResult>
                  <TestDate>2013-05-12T18:57:11</TestDate>
                  <Passed>1</Passed>
                  <Errors>0</Errors>
                  <Failures>0</Failures>
                  <Inconclusive>0</Inconclusive>
                  <NotRunnable>0</NotRunnable>
                  <Skipped>0</Skipped>
                  <Ignored>0</Ignored>
                  <Time />
                  <Message>Test successful

Execution time: 0.00ms</Message>
                  <ConsoleOutput />
                  <ConsoleError />
                </UnitTestResult>
              </Results>
              <Tests />
            </TestRecord>
            <TestRecord Name="ToMatchStringTests">
              <Results>
                <UnitTestResult>
                  <TestDate>2013-05-12T09:06:12</TestDate>
                  <Passed>1</Passed>
                  <Errors>0</Errors>
                  <Failures>0</Failures>
                  <Inconclusive>0</Inconclusive>
                  <NotRunnable>0</NotRunnable>
                  <Skipped>0</Skipped>
                  <Ignored>0</Ignored>
                  <Time />
                  <Message>Test successful

Execution time: 0.00ms</Message>
                  <ConsoleOutput />
                  <ConsoleError />
                </UnitTestResult>
                <UnitTestResult>
                  <TestDate>2013-05-12T10:08:27</TestDate>
                  <Passed>1</Passed>
                  <Errors>0</Errors>
                  <Failures>0</Failures>
                  <Inconclusive>0</Inconclusive>
                  <NotRunnable>0</NotRunnable>
                  <Skipped>0</Skipped>
                  <Ignored>0</Ignored>
                  <Time />
                  <Message>Test successful

Execution time: 0.00ms</Message>
                  <ConsoleOutput />
                  <ConsoleError />
                </UnitTestResult>
                <UnitTestResult>
                  <TestDate>2013-05-12T18:57:11</TestDate>
                  <Passed>1</Passed>
                  <Errors>0</Errors>
                  <Failures>0</Failures>
                  <Inconclusive>0</Inconclusive>
                  <NotRunnable>0</NotRunnable>
                  <Skipped>0</Skipped>
                  <Ignored>0</Ignored>
                  <Time />
                  <Message>Test successful

Execution time: 0.00ms</Message>
                  <ConsoleOutput />
                  <ConsoleError />
                </UnitTestResult>
              </Results>
              <Tests />
            </TestRecord>
            <TestRecord Name="ToStringTests">
              <Results>
                <UnitTestResult>
                  <TestDate>2013-05-12T09:06:12</TestDate>
                  <Passed>1</Passed>
                  <Errors>0</Errors>
                  <Failures>0</Failures>
                  <Inconclusive>0</Inconclusive>
                  <NotRunnable>0</NotRunnable>
                  <Skipped>0</Skipped>
                  <Ignored>0</Ignored>
                  <Time />
                  <Message>Test successful

Execution time: 0.00ms</Message>
                  <ConsoleOutput />
                  <ConsoleError />
                </UnitTestResult>
                <UnitTestResult>
                  <TestDate>2013-05-12T10:08:27</TestDate>
                  <Passed>1</Passed>
                  <Errors>0</Errors>
                  <Failures>0</Failures>
                  <Inconclusive>0</Inconclusive>
                  <NotRunnable>0</NotRunnable>
                  <Skipped>0</Skipped>
                  <Ignored>0</Ignored>
                  <Time />
                  <Message>Test successful

Execution time: 0.00ms</Message>
                  <ConsoleOutput />
                  <ConsoleError />
                </UnitTestResult>
                <UnitTestResult>
                  <TestDate>2013-05-12T18:57:11</TestDate>
                  <Passed>1</Passed>
                  <Errors>0</Errors>
                  <Failures>0</Failures>
                  <Inconclusive>0</Inconclusive>
                  <NotRunnable>0</NotRunnable>
                  <Skipped>0</Skipped>
                  <Ignored>0</Ignored>
                  <Time />
                  <Message>Test successful

Execution time: 0.00ms</Message>
                  <ConsoleOutput />
                  <ConsoleError />
                </UnitTestResult>
              </Results>
              <Tests />
            </TestRecord>
            <TestRecord Name="WithBuild">
              <Results>
                <UnitTestResult>
                  <TestDate>2013-05-12T09:06:12</TestDate>
                  <Passed>1</Passed>
                  <Errors>0</Errors>
                  <Failures>0</Failures>
                  <Inconclusive>0</Inconclusive>
                  <NotRunnable>0</NotRunnable>
                  <Skipped>0</Skipped>
                  <Ignored>0</Ignored>
                  <Time />
                  <Message>Test successful

Execution time: 0.00ms</Message>
                  <ConsoleOutput />
                  <ConsoleError />
                </UnitTestResult>
                <UnitTestResult>
                  <TestDate>2013-05-12T10:08:27</TestDate>
                  <Passed>1</Passed>
                  <Errors>0</Errors>
                  <Failures>0</Failures>
                  <Inconclusive>0</Inconclusive>
                  <NotRunnable>0</NotRunnable>
                  <Skipped>0</Skipped>
                  <Ignored>0</Ignored>
                  <Time />
                  <Message>Test successful

Execution time: 0.00ms</Message>
                  <ConsoleOutput />
                  <ConsoleError />
                </UnitTestResult>
                <UnitTestResult>
                  <TestDate>2013-05-12T18:57:11</TestDate>
                  <Passed>1</Passed>
                  <Errors>0</Errors>
                  <Failures>0</Failures>
                  <Inconclusive>0</Inconclusive>
                  <NotRunnable>0</NotRunnable>
                  <Skipped>0</Skipped>
                  <Ignored>0</Ignored>
                  <Time />
                  <Message>Test successful

Execution time: 0.00ms</Message>
                  <ConsoleOutput />
                  <ConsoleError />
                </UnitTestResult>
              </Results>
              <Tests />
            </TestRecord>
            <TestRecord Name="WithQualifier">
              <Results>
                <UnitTestResult>
                  <TestDate>2013-05-12T09:06:12</TestDate>
                  <Passed>1</Passed>
                  <Errors>0</Errors>
                  <Failures>0</Failures>
                  <Inconclusive>0</Inconclusive>
                  <NotRunnable>0</NotRunnable>
                  <Skipped>0</Skipped>
                  <Ignored>0</Ignored>
                  <Time />
                  <Message>Test successful

Execution time: 0.00ms</Message>
                  <ConsoleOutput />
                  <ConsoleError />
                </UnitTestResult>
                <UnitTestResult>
                  <TestDate>2013-05-12T10:08:27</TestDate>
                  <Passed>1</Passed>
                  <Errors>0</Errors>
                  <Failures>0</Failures>
                  <Inconclusive>0</Inconclusive>
                  <NotRunnable>0</NotRunnable>
                  <Skipped>0</Skipped>
                  <Ignored>0</Ignored>
                  <Time />
                  <Message>Test successful

Execution time: 0.00ms</Message>
                  <ConsoleOutput />
                  <ConsoleError />
                </UnitTestResult>
                <UnitTestResult>
                  <TestDate>2013-05-12T18:57:11</TestDate>
                  <Passed>1</Passed>
                  <Errors>0</Errors>
                  <Failures>0</Failures>
                  <Inconclusive>0</Inconclusive>
                  <NotRunnable>0</NotRunnable>
                  <Skipped>0</Skipped>
                  <Ignored>0</Ignored>
                  <Time />
                  <Message>Test successful

Execution time: 0.00ms</Message>
                  <ConsoleOutput />
                  <ConsoleError />
                </UnitTestResult>
              </Results>
              <Tests />
            </TestRecord>
            <TestRecord Name="WithSnapshot">
              <Results>
                <UnitTestResult>
                  <TestDate>2013-05-12T09:06:12</TestDate>
                  <Passed>1</Passed>
                  <Errors>0</Errors>
                  <Failures>0</Failures>
                  <Inconclusive>0</Inconclusive>
                  <NotRunnable>0</NotRunnable>
                  <Skipped>0</Skipped>
                  <Ignored>0</Ignored>
                  <Time />
                  <Message>Test successful

Execution time: 0.00ms</Message>
                  <ConsoleOutput />
                  <ConsoleError />
                </UnitTestResult>
                <UnitTestResult>
                  <TestDate>2013-05-12T10:08:27</TestDate>
                  <Passed>1</Passed>
                  <Errors>0</Errors>
                  <Failures>0</Failures>
                  <Inconclusive>0</Inconclusive>
                  <NotRunnable>0</NotRunnable>
                  <Skipped>0</Skipped>
                  <Ignored>0</Ignored>
                  <Time />
                  <Message>Test successful

Execution time: 0.00ms</Message>
                  <ConsoleOutput />
                  <ConsoleError />
                </UnitTestResult>
                <UnitTestResult>
                  <TestDate>2013-05-12T18:57:11</TestDate>
                  <Passed>1</Passed>
                  <Errors>0</Errors>
                  <Failures>0</Failures>
                  <Inconclusive>0</Inconclusive>
                  <NotRunnable>0</NotRunnable>
                  <Skipped>0</Skipped>
                  <Ignored>0</Ignored>
                  <Time />
                  <Message>Test successful

Execution time: 0.00ms</Message>
                  <ConsoleOutput />
                  <ConsoleError />
                </UnitTestResult>
              </Results>
              <Tests />
            </TestRecord>
            <TestRecord Name="WithTimestamp">
              <Results>
                <UnitTestResult>
                  <TestDate>2013-05-12T09:06:12</TestDate>
                  <Passed>1</Passed>
                  <Errors>0</Errors>
                  <Failures>0</Failures>
                  <Inconclusive>0</Inconclusive>
                  <NotRunnable>0</NotRunnable>
                  <Skipped>0</Skipped>
                  <Ignored>0</Ignored>
                  <Time />
                  <Message>Test successful

Execution time: 0.00ms</Message>
                  <ConsoleOutput />
                  <ConsoleError />
                </UnitTestResult>
                <UnitTestResult>
                  <TestDate>2013-05-12T10:08:27</TestDate>
                  <Passed>1</Passed>
                  <Errors>0</Errors>
                  <Failures>0</Failures>
                  <Inconclusive>0</Inconclusive>
                  <NotRunnable>0</NotRunnable>
                  <Skipped>0</Skipped>
                  <Ignored>0</Ignored>
                  <Time />
                  <Message>Test successful

Execution time: 0.00ms</Message>
                  <ConsoleOutput />
                  <ConsoleError />
                </UnitTestResult>
                <UnitTestResult>
                  <TestDate>2013-05-12T18:57:11</TestDate>
                  <Passed>1</Passed>
                  <Errors>0</Errors>
                  <Failures>0</Failures>
                  <Inconclusive>0</Inconclusive>
                  <NotRunnable>0</NotRunnable>
                  <Skipped>0</Skipped>
                  <Ignored>0</Ignored>
                  <Time />
                  <Message>Test successful

Execution time: 0.00ms</Message>
                  <ConsoleOutput />
                  <ConsoleError />
                </UnitTestResult>
              </Results>
              <Tests />
            </TestRecord>
          </Tests>
        </TestRecord>
        <TestRecord Name="VSProjectTest">
          <Results>
            <UnitTestResult>
              <TestDate>2013-05-12T09:06:12</TestDate>
              <Passed>2</Passed>
              <Errors>0</Errors>
              <Failures>0</Failures>
              <Inconclusive>0</Inconclusive>
              <NotRunnable>0</NotRunnable>
              <Skipped>0</Skipped>
              <Ignored>0</Ignored>
              <Time />
              <Message>Test successful

Execution time: 1.06ms</Message>
            </UnitTestResult>
            <UnitTestResult>
              <TestDate>2013-05-12T10:08:27</TestDate>
              <Passed>2</Passed>
              <Errors>0</Errors>
              <Failures>0</Failures>
              <Inconclusive>0</Inconclusive>
              <NotRunnable>0</NotRunnable>
              <Skipped>0</Skipped>
              <Ignored>0</Ignored>
              <Time />
              <Message>Test successful

Execution time: 1.06ms</Message>
            </UnitTestResult>
            <UnitTestResult>
              <TestDate>2013-05-12T18:57:11</TestDate>
              <Passed>2</Passed>
              <Errors>0</Errors>
              <Failures>0</Failures>
              <Inconclusive>0</Inconclusive>
              <NotRunnable>0</NotRunnable>
              <Skipped>0</Skipped>
              <Ignored>0</Ignored>
              <Time />
              <Message>Test successful

Execution time: 1.07ms</Message>
            </UnitTestResult>
          </Results>
          <Tests>
            <TestRecord Name="CanUpdateProjectTest">
              <Results>
                <UnitTestResult>
                  <TestDate>2013-05-12T09:06:12</TestDate>
                  <Passed>1</Passed>
                  <Errors>0</Errors>
                  <Failures>0</Failures>
                  <Inconclusive>0</Inconclusive>
                  <NotRunnable>0</NotRunnable>
                  <Skipped>0</Skipped>
                  <Ignored>0</Ignored>
                  <Time />
                  <Message>Test successful

Execution time: 0.03ms</Message>
                  <ConsoleOutput />
                  <ConsoleError />
                </UnitTestResult>
                <UnitTestResult>
                  <TestDate>2013-05-12T10:08:27</TestDate>
                  <Passed>1</Passed>
                  <Errors>0</Errors>
                  <Failures>0</Failures>
                  <Inconclusive>0</Inconclusive>
                  <NotRunnable>0</NotRunnable>
                  <Skipped>0</Skipped>
                  <Ignored>0</Ignored>
                  <Time />
                  <Message>Test successful

Execution time: 0.02ms</Message>
                  <ConsoleOutput />
                  <ConsoleError />
                </UnitTestResult>
                <UnitTestResult>
                  <TestDate>2013-05-12T18:57:11</TestDate>
                  <Passed>1</Passed>
                  <Errors>0</Errors>
                  <Failures>0</Failures>
                  <Inconclusive>0</Inconclusive>
                  <NotRunnable>0</NotRunnable>
                  <Skipped>0</Skipped>
                  <Ignored>0</Ignored>
                  <Time />
                  <Message>Test successful

Execution time: 0.03ms</Message>
                  <ConsoleOutput />
                  <ConsoleError />
                </UnitTestResult>
              </Results>
              <Tests />
            </TestRecord>
            <TestRecord Name="WontUpdateIfNoChangeInReferencesTest">
              <Results>
                <UnitTestResult>
                  <TestDate>2013-05-12T09:06:12</TestDate>
                  <Passed>1</Passed>
                  <Errors>0</Errors>
                  <Failures>0</Failures>
                  <Inconclusive>0</Inconclusive>
                  <NotRunnable>0</NotRunnable>
                  <Skipped>0</Skipped>
                  <Ignored>0</Ignored>
                  <Time />
                  <Message>Test successful

Execution time: 1.02ms</Message>
                  <ConsoleOutput />
                  <ConsoleError />
                </UnitTestResult>
                <UnitTestResult>
                  <TestDate>2013-05-12T10:08:27</TestDate>
                  <Passed>1</Passed>
                  <Errors>0</Errors>
                  <Failures>0</Failures>
                  <Inconclusive>0</Inconclusive>
                  <NotRunnable>0</NotRunnable>
                  <Skipped>0</Skipped>
                  <Ignored>0</Ignored>
                  <Time />
                  <Message>Test successful

Execution time: 1.02ms</Message>
                  <ConsoleOutput />
                  <ConsoleError />
                </UnitTestResult>
                <UnitTestResult>
                  <TestDate>2013-05-12T18:57:11</TestDate>
                  <Passed>1</Passed>
                  <Errors>0</Errors>
                  <Failures>0</Failures>
                  <Inconclusive>0</Inconclusive>
                  <NotRunnable>0</NotRunnable>
                  <Skipped>0</Skipped>
                  <Ignored>0</Ignored>
                  <Time />
                  <Message>Test successful

Execution time: 1.02ms</Message>
                  <ConsoleOutput />
                  <ConsoleError />
                </UnitTestResult>
              </Results>
              <Tests />
            </TestRecord>
          </Tests>
        </TestRecord>
        <TestRecord Name="Resolver">
          <Results>
            <UnitTestResult>
              <TestDate>2013-05-12T10:08:27</TestDate>
              <Passed>7</Passed>
              <Errors>0</Errors>
              <Failures>0</Failures>
              <Inconclusive>0</Inconclusive>
              <NotRunnable>0</NotRunnable>
              <Skipped>0</Skipped>
              <Ignored>0</Ignored>
              <Time />
              <Message>Test successful

Execution time: 0.19ms</Message>
            </UnitTestResult>
            <UnitTestResult>
              <TestDate>2013-05-12T18:57:11</TestDate>
              <Passed>9</Passed>
              <Errors>0</Errors>
              <Failures>0</Failures>
              <Inconclusive>0</Inconclusive>
              <NotRunnable>0</NotRunnable>
              <Skipped>0</Skipped>
              <Ignored>0</Ignored>
              <Time />
              <Message>Test successful

Execution time: 0.53ms</Message>
            </UnitTestResult>
          </Results>
          <Tests>
            <TestRecord Name="NodeResolverTest">
              <Results>
                <UnitTestResult>
                  <TestDate>2013-05-12T10:08:27</TestDate>
                  <Passed>7</Passed>
                  <Errors>0</Errors>
                  <Failures>0</Failures>
                  <Inconclusive>0</Inconclusive>
                  <NotRunnable>0</NotRunnable>
                  <Skipped>0</Skipped>
                  <Ignored>0</Ignored>
                  <Time />
                  <Message>Test successful

Execution time: 0.19ms</Message>
                </UnitTestResult>
              </Results>
              <Tests>
                <TestRecord Name="CacheFind">
                  <Results>
                    <UnitTestResult>
                      <TestDate>2013-05-12T10:08:27</TestDate>
                      <Passed>1</Passed>
                      <Errors>0</Errors>
                      <Failures>0</Failures>
                      <Inconclusive>0</Inconclusive>
                      <NotRunnable>0</NotRunnable>
                      <Skipped>0</Skipped>
                      <Ignored>0</Ignored>
                      <Time />
                      <Message>Test successful

Execution time: 0.03ms</Message>
                      <ConsoleOutput />
                      <ConsoleError />
                    </UnitTestResult>
                  </Results>
                  <Tests />
                </TestRecord>
                <TestRecord Name="CacheRequires">
                  <Results>
                    <UnitTestResult>
                      <TestDate>2013-05-12T10:08:27</TestDate>
                      <Passed>1</Passed>
                      <Errors>0</Errors>
                      <Failures>0</Failures>
                      <Inconclusive>0</Inconclusive>
                      <NotRunnable>0</NotRunnable>
                      <Skipped>0</Skipped>
                      <Ignored>0</Ignored>
                      <Time />
                      <Message>Test successful

Execution time: 0.00ms</Message>
                      <ConsoleOutput />
                      <ConsoleError />
                    </UnitTestResult>
                  </Results>
                  <Tests />
                </TestRecord>
                <TestRecord Name="DependencyWishList_HasMultipleMatches">
                  <Results>
                    <UnitTestResult>
                      <TestDate>2013-05-12T10:08:27</TestDate>
                      <Passed>1</Passed>
                      <Errors>0</Errors>
                      <Failures>0</Failures>
                      <Inconclusive>0</Inconclusive>
                      <NotRunnable>0</NotRunnable>
                      <Skipped>0</Skipped>
                      <Ignored>0</Ignored>
                      <Time />
                      <Message>Test successful

Execution time: 0.01ms</Message>
                      <ConsoleOutput />
                      <ConsoleError />
                    </UnitTestResult>
                  </Results>
                  <Tests />
                </TestRecord>
                <TestRecord Name="DependencyWishlist_HasNoMatches">
                  <Results>
                    <UnitTestResult>
                      <TestDate>2013-05-12T10:08:27</TestDate>
                      <Passed>1</Passed>
                      <Errors>0</Errors>
                      <Failures>0</Failures>
                      <Inconclusive>0</Inconclusive>
                      <NotRunnable>0</NotRunnable>
                      <Skipped>0</Skipped>
                      <Ignored>0</Ignored>
                      <Time />
                      <Message>Test successful

Execution time: 0.00ms</Message>
                      <ConsoleOutput />
                      <ConsoleError />
                    </UnitTestResult>
                  </Results>
                  <Tests />
                </TestRecord>
                <TestRecord Name="DependencyWishList_Resolved">
                  <Results>
                    <UnitTestResult>
                      <TestDate>2013-05-12T10:08:27</TestDate>
                      <Passed>1</Passed>
                      <Errors>0</Errors>
                      <Failures>0</Failures>
                      <Inconclusive>0</Inconclusive>
                      <NotRunnable>0</NotRunnable>
                      <Skipped>0</Skipped>
                      <Ignored>0</Ignored>
                      <Time />
                      <Message>Test successful

Execution time: 0.00ms</Message>
                      <ConsoleOutput />
                      <ConsoleError />
                    </UnitTestResult>
                  </Results>
                  <Tests />
                </TestRecord>
                <TestRecord Name="ResolveSimple">
                  <Results>
                    <UnitTestResult>
                      <TestDate>2013-05-12T10:08:27</TestDate>
                      <Passed>1</Passed>
                      <Errors>0</Errors>
                      <Failures>0</Failures>
                      <Inconclusive>0</Inconclusive>
                      <NotRunnable>0</NotRunnable>
                      <Skipped>0</Skipped>
                      <Ignored>0</Ignored>
                      <Time />
                      <Message>Test successful

Execution time: 0.05ms</Message>
                      <ConsoleOutput>[Debug] ResolverWishSets Added new wishlist : DependencyWishList@33502326&lt;key:group-A,wishes:&gt;
[Debug] ResolverWishSets Added new wishlist : DependencyWishList@31209679&lt;key:group-B,wishes:&gt;
[Debug] ResolverLine finding wishes for fixed dep : Dependency@62258301&lt;
	Group:group,
	Name:A,
	Version:1.0.0,
	Ext:,
	Arch:,
	Runtime:,
	Classifiers:,
	Scope:Compile,
	Url:,
	CopyTo:,
	Related:[]'
&gt;
[Debug] ResolverWishSets Added new wishlist : DependencyWishList@50160154&lt;key:group-C,wishes:&gt;
[Debug] ResolverLine finding wishes for fixed dep : Dependency@42614420&lt;
	Group:group,
	Name:B,
	Version:1.0.0,
	Ext:,
	Arch:,
	Runtime:,
	Classifiers:,
	Scope:Compile,
	Url:,
	CopyTo:,
	Related:[]'
&gt;
[Debug] ResolverWishSets Added new wishlist : DependencyWishList@38600745&lt;key:group-D,wishes:&gt;
[Debug] ResolverLine finding wishes for fixed dep : Dependency@59311937&lt;
	Group:group,
	Name:C,
	Version:1.0.0,
	Ext:,
	Arch:,
	Runtime:,
	Classifiers:,
	Scope:Compile,
	Url:,
	CopyTo:,
	Related:[]'
&gt;
[Debug] NodeResolver Resolving down graph to depth 0
[Debug] ResolverLine PickNextLine
[Debug] ResolverWishSets effectively fixed versions so far
[Debug] ResolverWishSets --&gt;DependencyWishList@33502326&lt;key:group-A,wishes:1.0&gt;
[Debug] ResolverWishSets --&gt;DependencyWishList@31209679&lt;key:group-B,wishes:1.0&gt;
[Debug] ResolverWishSets --&gt;DependencyWishList@50160154&lt;key:group-C,wishes:[1.0,1.2)&gt;
[Debug] ResolverWishSets need to resolve wishes
[Debug] ResolverWishSets -&gt;DependencyWishList@38600745&lt;key:group-D,wishes:[1.0,1.1]&gt;
[Debug] ResolverLine picking dep for wishes : DependencyWishList@38600745&lt;key:group-D,wishes:[1.0,1.1]&gt;
DependencyWishSet : picked from versions : 1.1.0,1.0.0
[Debug] ResolverLine picked dep : Dependency@51791499&lt;
	Group:group,
	Name:D,
	Version:1.1.0,
	Ext:,
	Arch:,
	Runtime:,
	Classifiers:,
	Scope:Compile,
	Url:,
	CopyTo:,
	Related:[]'
&gt;
[Debug] ResolverLine fixing dep using wish : D-1.1.0
[Debug] ResolverWishSets Wrapped existing wishlist : DependencyWishList@38600745&lt;key:group-D,wishes:[1.0,1.1]&gt;
[Debug] ResolverLine finding wishes for fixed dep : Dependency@51791499&lt;
	Group:group,
	Name:D,
	Version:1.1.0,
	Ext:,
	Arch:,
	Runtime:,
	Classifiers:,
	Scope:Compile,
	Url:,
	CopyTo:,
	Related:[]'
&gt;
[Debug] ResolverWishSets Added new wishlist : DependencyWishList@48916090&lt;key:group-E,wishes:&gt;
[Debug] ResolverLine Can't match next line, trying next new line
[Debug] ResolverLine picking dep for wishes : DependencyWishList@38600745&lt;key:group-D,wishes:[1.0,1.1]&gt;
DependencyWishSet : picked from versions : 1.1.0,1.0.0
[Debug] ResolverLine picked dep : Dependency@53740413&lt;
	Group:group,
	Name:D,
	Version:1.0.0,
	Ext:,
	Arch:,
	Runtime:,
	Classifiers:,
	Scope:Compile,
	Url:,
	CopyTo:,
	Related:[]'
&gt;
[Debug] ResolverLine fixing dep using wish : D-1.0.0
[Debug] ResolverWishSets Wrapped existing wishlist : DependencyWishList@38600745&lt;key:group-D,wishes:[1.0,1.1]&gt;
[Debug] ResolverLine finding wishes for fixed dep : Dependency@53740413&lt;
	Group:group,
	Name:D,
	Version:1.0.0,
	Ext:,
	Arch:,
	Runtime:,
	Classifiers:,
	Scope:Compile,
	Url:,
	CopyTo:,
	Related:[]'
&gt;
[Debug] ResolverWishSets Added new wishlist : DependencyWishList@2399524&lt;key:group-E,wishes:&gt;
[Debug] ResolverLine finding wishes for fixed dep : Dependency@40869743&lt;
	Group:group,
	Name:E,
	Version:1.0.0,
	Ext:,
	Arch:,
	Runtime:,
	Classifiers:,
	Scope:Compile,
	Url:,
	CopyTo:,
	Related:[]'
&gt;
[Debug] ResolverLine returning next line
[Debug] NodeResolver picked next line at position 0 at depth 0
[Debug] NodeResolver Line resolved, collecting results
</ConsoleOutput>
                      <ConsoleError />
                    </UnitTestResult>
                  </Results>
                  <Tests />
                </TestRecord>
                <TestRecord Name="ResolveSimple2">
                  <Results>
                    <UnitTestResult>
                      <TestDate>2013-05-12T10:08:27</TestDate>
                      <Passed>1</Passed>
                      <Errors>0</Errors>
                      <Failures>0</Failures>
                      <Inconclusive>0</Inconclusive>
                      <NotRunnable>0</NotRunnable>
                      <Skipped>0</Skipped>
                      <Ignored>0</Ignored>
                      <Time />
                      <Message>Test successful

Execution time: 0.01ms</Message>
                      <ConsoleOutput>[Debug] ResolverWishSets Added new wishlist : DependencyWishList@27199126&lt;key:group-A,wishes:&gt;
[Debug] ResolverWishSets Added new wishlist : DependencyWishList@16001149&lt;key:group-B,wishes:&gt;
[Debug] ResolverLine finding wishes for fixed dep : Dependency@48963094&lt;
	Group:group,
	Name:A,
	Version:1.0.0,
	Ext:,
	Arch:,
	Runtime:,
	Classifiers:,
	Scope:Compile,
	Url:,
	CopyTo:,
	Related:[]'
&gt;
[Debug] ResolverWishSets Added new wishlist : DependencyWishList@55855606&lt;key:group-C,wishes:&gt;
[Debug] ResolverLine finding wishes for fixed dep : Dependency@30474330&lt;
	Group:group,
	Name:B,
	Version:1.0.0,
	Ext:,
	Arch:,
	Runtime:,
	Classifiers:,
	Scope:Compile,
	Url:,
	CopyTo:,
	Related:[]'
&gt;
[Debug] ResolverWishSets Added new wishlist : DependencyWishList@29167576&lt;key:group-D,wishes:&gt;
[Debug] NodeResolver Resolving down graph to depth 0
[Debug] ResolverLine PickNextLine
[Debug] ResolverWishSets effectively fixed versions so far
[Debug] ResolverWishSets --&gt;DependencyWishList@27199126&lt;key:group-A,wishes:1.0&gt;
[Debug] ResolverWishSets --&gt;DependencyWishList@16001149&lt;key:group-B,wishes:1.0&gt;
[Debug] ResolverWishSets need to resolve wishes
[Debug] ResolverWishSets -&gt;DependencyWishList@55855606&lt;key:group-C,wishes:[1.0,1.2)&gt;
[Debug] ResolverWishSets -&gt;DependencyWishList@29167576&lt;key:group-D,wishes:[1.0,1.1]&gt;
[Debug] ResolverLine picking dep for wishes : DependencyWishList@55855606&lt;key:group-C,wishes:[1.0,1.2)&gt;
DependencyWishSet : picked from versions : 1.1.0,1.0.0
[Debug] ResolverLine picked dep : Dependency@37472519&lt;
	Group:group,
	Name:C,
	Version:1.1.0,
	Ext:,
	Arch:,
	Runtime:,
	Classifiers:,
	Scope:Compile,
	Url:,
	CopyTo:,
	Related:[]'
&gt;
[Debug] ResolverLine fixing dep using wish : C-1.1.0
[Debug] ResolverWishSets Wrapped existing wishlist : DependencyWishList@55855606&lt;key:group-C,wishes:[1.0,1.2)&gt;
[Debug] ResolverLine finding wishes for fixed dep : Dependency@37472519&lt;
	Group:group,
	Name:C,
	Version:1.1.0,
	Ext:,
	Arch:,
	Runtime:,
	Classifiers:,
	Scope:Compile,
	Url:,
	CopyTo:,
	Related:[]'
&gt;
[Debug] ResolverWishSets Added new wishlist : DependencyWishList@8541776&lt;key:group-E,wishes:&gt;
[Debug] ResolverLine returning next line
[Debug] NodeResolver picked next line at position 0 at depth 0
[Debug] NodeResolver try to pick a version and walk down
[Debug] NodeResolver Resolving down graph to depth 1
[Debug] ResolverLine PickNextLine
[Debug] ResolverWishSets effectively fixed versions so far
[Debug] ResolverWishSets --&gt;DependencyWishList@27199126&lt;key:group-A,wishes:1.0&gt;
[Debug] ResolverWishSets --&gt;DependencyWishList@16001149&lt;key:group-B,wishes:1.0&gt;
[Debug] ResolverWishSets --&gt;DependencyWishList@48835636&lt;key:group-C,wishes:1.1.0&gt;
[Debug] ResolverWishSets need to resolve wishes
[Debug] ResolverWishSets -&gt;DependencyWishList@29167576&lt;key:group-D,wishes:[1.0,1.1]&gt;
[Debug] ResolverWishSets -&gt;DependencyWishList@8541776&lt;key:group-E,wishes:[1.3,1.4]&gt;
[Debug] ResolverWishSets Wrapped existing wishlist : DependencyWishList@29167576&lt;key:group-D,wishes:[1.0,1.1]&gt;
[Debug] ResolverLine picking dep for wishes : DependencyWishList@50119998&lt;key:group-D,wishes:&gt;
DependencyWishSet : picked from versions : 1.1.0,1.0.0
[Debug] ResolverLine picked dep : Dependency@40807399&lt;
	Group:group,
	Name:D,
	Version:1.1.0,
	Ext:,
	Arch:,
	Runtime:,
	Classifiers:,
	Scope:Compile,
	Url:,
	CopyTo:,
	Related:[]'
&gt;
[Debug] ResolverLine fixing dep using wish : D-1.1.0
[Debug] ResolverWishSets Wrapped existing wishlist : DependencyWishList@50119998&lt;key:group-D,wishes:&gt;
[Debug] ResolverLine finding wishes for fixed dep : Dependency@40807399&lt;
	Group:group,
	Name:D,
	Version:1.1.0,
	Ext:,
	Arch:,
	Runtime:,
	Classifiers:,
	Scope:Compile,
	Url:,
	CopyTo:,
	Related:[]'
&gt;
[Debug] ResolverWishSets Wrapped existing wishlist : DependencyWishList@8541776&lt;key:group-E,wishes:[1.3,1.4]&gt;
[Debug] ResolverLine returning next line
[Debug] NodeResolver picked next line at position 0 at depth 1
[Debug] NodeResolver try to pick a version and walk down
[Debug] NodeResolver Resolving down graph to depth 2
[Debug] ResolverLine PickNextLine
[Debug] ResolverWishSets effectively fixed versions so far
[Debug] ResolverWishSets --&gt;DependencyWishList@27199126&lt;key:group-A,wishes:1.0&gt;
[Debug] ResolverWishSets --&gt;DependencyWishList@16001149&lt;key:group-B,wishes:1.0&gt;
[Debug] ResolverWishSets --&gt;DependencyWishList@48835636&lt;key:group-C,wishes:1.1.0&gt;
[Debug] ResolverWishSets --&gt;DependencyWishList@24393646&lt;key:group-D,wishes:1.1.0&gt;
[Debug] ResolverWishSets need to resolve wishes
[Debug] ResolverWishSets -&gt;DependencyWishList@23972246&lt;key:group-E,wishes:[1.1,1.4]&gt;
[Debug] ResolverLine picking dep for wishes : DependencyWishList@23972246&lt;key:group-E,wishes:[1.1,1.4]&gt;
DependencyWishSet : picked from versions : 1.4.0,1.3.0
[Debug] ResolverLine picked dep : Dependency@5009246&lt;
	Group:group,
	Name:E,
	Version:1.4.0,
	Ext:,
	Arch:,
	Runtime:,
	Classifiers:,
	Scope:Compile,
	Url:,
	CopyTo:,
	Related:[]'
&gt;
[Debug] ResolverLine fixing dep using wish : E-1.4.0
[Debug] ResolverWishSets Wrapped existing wishlist : DependencyWishList@23972246&lt;key:group-E,wishes:[1.1,1.4]&gt;
[Debug] ResolverLine finding wishes for fixed dep : Dependency@5009246&lt;
	Group:group,
	Name:E,
	Version:1.4.0,
	Ext:,
	Arch:,
	Runtime:,
	Classifiers:,
	Scope:Compile,
	Url:,
	CopyTo:,
	Related:[]'
&gt;
[Debug] ResolverLine returning next line
[Debug] NodeResolver picked next line at position 0 at depth 2
[Debug] NodeResolver Line resolved, collecting results
</ConsoleOutput>
                      <ConsoleError />
                    </UnitTestResult>
                  </Results>
                  <Tests />
                </TestRecord>
                <TestRecord Name="NoSolution">
                  <Results>
                    <UnitTestResult>
                      <TestDate>2013-05-12T12:04:23</TestDate>
                      <Passed>0</Passed>
                      <Errors>0</Errors>
                      <Failures>1</Failures>
                      <Inconclusive>0</Inconclusive>
                      <NotRunnable>0</NotRunnable>
                      <Skipped>0</Skipped>
                      <Ignored>0</Ignored>
                      <Time />
                      <Message>  Expected: True
  But was:  False
</Message>
                      <StackTrace>   at NUnit.Framework.Assert.That(Object actual, IResolveConstraint expression, String message, Object[] args)
   at NUnit.Framework.Assert.IsTrue(Boolean condition)
   at NRequire.Resolver.NodeResolverTest.NoSolution() in U:\users\bert\workspace\nrequire\NRequire.Test\Resolver\NodeResolverTest.cs:line 217</StackTrace>
                      <ConsoleOutput>[Debug] ResolverWishSets Added new wishlist : DependencyWishList@45653674&lt;key:group-A,wishes:&gt;
[Debug] ResolverWishSets Added new wishlist : DependencyWishList@39785641&lt;key:group-B,wishes:&gt;
[Debug] ResolverWishSets finding wishes for fixed dep : A-1.0.0
[Debug] ResolverWishSets Added new wishlist : DependencyWishList@45523402&lt;key:group-C,wishes:&gt;
[Debug] ResolverWishSets Added new wishlist : DependencyWishList@35287174&lt;key:group-D,wishes:&gt;
[Debug] ResolverWishSets finding wishes for fixed dep : B-1.0.0
[Debug] ResolverWishSets finding wishes for fixed dep : D-1.0.0
</ConsoleOutput>
                      <ConsoleError />
                    </UnitTestResult>
                    <UnitTestResult>
                      <TestDate>2013-05-12T12:07:15</TestDate>
                      <Passed>0</Passed>
                      <Errors>0</Errors>
                      <Failures>1</Failures>
                      <Inconclusive>0</Inconclusive>
                      <NotRunnable>0</NotRunnable>
                      <Skipped>0</Skipped>
                      <Ignored>0</Ignored>
                      <Time />
                      <Message>unexpected error message, got : Could not find a matching dep for wishes:DependencyWishList@45523402&lt;key:group-C,wishes:[1.0,1.1],[1.2,1.5]&gt;</Message>
                      <StackTrace>   at NUnit.Framework.Assert.Fail(String message, Object[] args)
   at NUnit.Framework.Assert.Fail(String message)
   at NRequire.Resolver.NodeResolverTest.NoSolution() in u:\users\bert\workspace\nrequire\NRequire.Test\Resolver\NodeResolverTest.cs:line 219</StackTrace>
                      <ConsoleOutput>[Debug] ResolverWishSets Added new wishlist : DependencyWishList@45653674&lt;key:group-A,wishes:&gt;
[Debug] ResolverWishSets Added new wishlist : DependencyWishList@39785641&lt;key:group-B,wishes:&gt;
[Debug] ResolverWishSets finding wishes for fixed dep : A-1.0.0
[Debug] ResolverWishSets Added new wishlist : DependencyWishList@45523402&lt;key:group-C,wishes:&gt;
[Debug] ResolverWishSets Added new wishlist : DependencyWishList@35287174&lt;key:group-D,wishes:&gt;
[Debug] ResolverWishSets finding wishes for fixed dep : B-1.0.0
[Debug] ResolverWishSets finding wishes for fixed dep : D-1.0.0
NRequire.ResolverException: Could not find a matching dep for wishes:DependencyWishList@45523402&lt;key:group-C,wishes:[1.0,1.1],[1.2,1.5]&gt;
   at NRequire.Resolver.ResolverWishSets.CanMatchOrThrow() in u:\users\bert\workspace\nrequire\NRequire.Test\Resolver\ResolverWishSets.cs:line 158
   at NRequire.Resolver.ResolverLine.CanMatchOrThrow() in u:\users\bert\workspace\nrequire\NRequire.Test\Resolver\ResolverLine.cs:line 123
   at NRequire.Resolver.NodeResolver.Resolve(ResolverLine root) in u:\users\bert\workspace\nrequire\NRequire.Test\Resolver\NodeResolver.cs:line 57
   at NRequire.Resolver.NodeResolver.Resolve(IList`1 require) in u:\users\bert\workspace\nrequire\NRequire.Test\Resolver\NodeResolver.cs:line 44
   at NRequire.Resolver.NodeResolverTest.NoSolution() in u:\users\bert\workspace\nrequire\NRequire.Test\Resolver\NodeResolverTest.cs:line 211
</ConsoleOutput>
                      <ConsoleError />
                    </UnitTestResult>
                    <UnitTestResult>
                      <TestDate>2013-05-12T12:09:25</TestDate>
                      <Passed>0</Passed>
                      <Errors>0</Errors>
                      <Failures>1</Failures>
                      <Inconclusive>0</Inconclusive>
                      <NotRunnable>0</NotRunnable>
                      <Skipped>0</Skipped>
                      <Ignored>0</Ignored>
                      <Time />
                      <Message>unexpected error message, got : Could not find a matching dep for wishes:DependencyWishList@45523402&lt;key:group-C,wishes:[1.0,1.1],[1.2,1.5]&gt;</Message>
                      <StackTrace>   at NUnit.Framework.Assert.Fail(String message, Object[] args)
   at NUnit.Framework.Assert.Fail(String message)
   at NRequire.Resolver.NodeResolverTest.NoSolution() in u:\users\bert\workspace\nrequire\NRequire.Test\Resolver\NodeResolverTest.cs:line 219</StackTrace>
                      <ConsoleOutput>[Debug] ResolverWishSets Added new wishlist : DependencyWishList@45653674&lt;key:group-A,wishes:&gt;
[Debug] ResolverWishSets Added new wishlist : DependencyWishList@39785641&lt;key:group-B,wishes:&gt;
[Debug] ResolverWishSets finding wishes for fixed dep : A-1.0.0
[Debug] ResolverWishSets Added new wishlist : DependencyWishList@45523402&lt;key:group-C,wishes:&gt;
[Debug] ResolverWishSets Added new wishlist : DependencyWishList@35287174&lt;key:group-D,wishes:&gt;
[Debug] ResolverWishSets finding wishes for fixed dep : B-1.0.0
[Debug] ResolverWishSets finding wishes for fixed dep : D-1.0.0
NRequire.ResolverException: Could not find a matching dep for wishes:DependencyWishList@45523402&lt;key:group-C,wishes:[1.0,1.1],[1.2,1.5]&gt;
   at NRequire.Resolver.ResolverWishSets.CanMatchOrThrow() in u:\users\bert\workspace\nrequire\NRequire.Test\Resolver\ResolverWishSets.cs:line 158
   at NRequire.Resolver.ResolverLine.CanMatchOrThrow() in u:\users\bert\workspace\nrequire\NRequire.Test\Resolver\ResolverLine.cs:line 123
   at NRequire.Resolver.NodeResolver.Resolve(ResolverLine root) in u:\users\bert\workspace\nrequire\NRequire.Test\Resolver\NodeResolver.cs:line 57
   at NRequire.Resolver.NodeResolver.Resolve(IList`1 require) in u:\users\bert\workspace\nrequire\NRequire.Test\Resolver\NodeResolver.cs:line 44
   at NRequire.Resolver.NodeResolverTest.NoSolution() in u:\users\bert\workspace\nrequire\NRequire.Test\Resolver\NodeResolverTest.cs:line 211
</ConsoleOutput>
                      <ConsoleError />
                    </UnitTestResult>
                    <UnitTestResult>
                      <TestDate>2013-05-12T12:10:52</TestDate>
                      <Passed>0</Passed>
                      <Errors>0</Errors>
                      <Failures>1</Failures>
                      <Inconclusive>0</Inconclusive>
                      <NotRunnable>0</NotRunnable>
                      <Skipped>0</Skipped>
                      <Ignored>0</Ignored>
                      <Time />
                      <Message>unexpected error message, got : Could not find a matching dep for wishes:DependencyWishList@45523402&lt;key:group-C,wishes:[1.0,1.1],[1.2,1.3]&gt;</Message>
                      <StackTrace>   at NUnit.Framework.Assert.Fail(String message, Object[] args)
   at NUnit.Framework.Assert.Fail(String message)
   at NRequire.Resolver.NodeResolverTest.NoSolution() in u:\users\bert\workspace\nrequire\NRequire.Test\Resolver\NodeResolverTest.cs:line 222</StackTrace>
                      <ConsoleOutput>[Debug] ResolverWishSets Added new wishlist : DependencyWishList@45653674&lt;key:group-A,wishes:&gt;
[Debug] ResolverWishSets Added new wishlist : DependencyWishList@39785641&lt;key:group-B,wishes:&gt;
[Debug] ResolverWishSets finding wishes for fixed dep : A-1.0.0
[Debug] ResolverWishSets Added new wishlist : DependencyWishList@45523402&lt;key:group-C,wishes:&gt;
[Debug] ResolverWishSets Added new wishlist : DependencyWishList@35287174&lt;key:group-D,wishes:&gt;
[Debug] ResolverWishSets finding wishes for fixed dep : B-1.0.0
[Debug] ResolverWishSets finding wishes for fixed dep : D-1.0.0
NRequire.ResolverException: Could not find a matching dep for wishes:DependencyWishList@45523402&lt;key:group-C,wishes:[1.0,1.1],[1.2,1.3]&gt;
   at NRequire.Resolver.ResolverWishSets.CanMatchOrThrow() in u:\users\bert\workspace\nrequire\NRequire.Test\Resolver\ResolverWishSets.cs:line 158
   at NRequire.Resolver.ResolverLine.CanMatchOrThrow() in u:\users\bert\workspace\nrequire\NRequire.Test\Resolver\ResolverLine.cs:line 123
   at NRequire.Resolver.NodeResolver.Resolve(ResolverLine root) in u:\users\bert\workspace\nrequire\NRequire.Test\Resolver\NodeResolver.cs:line 57
   at NRequire.Resolver.NodeResolver.Resolve(IList`1 require) in u:\users\bert\workspace\nrequire\NRequire.Test\Resolver\NodeResolver.cs:line 44
   at NRequire.Resolver.NodeResolverTest.NoSolution() in u:\users\bert\workspace\nrequire\NRequire.Test\Resolver\NodeResolverTest.cs:line 214
</ConsoleOutput>
                      <ConsoleError />
                    </UnitTestResult>
                  </Results>
                  <Tests />
                </TestRecord>
              </Tests>
            </TestRecord>
            <TestRecord Name="DependencyResolverV2Test">
              <Results>
                <UnitTestResult>
                  <TestDate>2013-05-12T18:57:11</TestDate>
                  <Passed>9</Passed>
                  <Errors>0</Errors>
                  <Failures>0</Failures>
                  <Inconclusive>0</Inconclusive>
                  <NotRunnable>0</NotRunnable>
                  <Skipped>0</Skipped>
                  <Ignored>0</Ignored>
                  <Time />
                  <Message>Test successful

Execution time: 0.52ms</Message>
                </UnitTestResult>
              </Results>
              <Tests>
                <TestRecord Name="CacheFind">
                  <Results>
                    <UnitTestResult>
                      <TestDate>2013-05-12T18:57:11</TestDate>
                      <Passed>1</Passed>
                      <Errors>0</Errors>
                      <Failures>0</Failures>
                      <Inconclusive>0</Inconclusive>
                      <NotRunnable>0</NotRunnable>
                      <Skipped>0</Skipped>
                      <Ignored>0</Ignored>
                      <Time />
                      <Message>Test successful

Execution time: 0.05ms</Message>
                      <ConsoleOutput />
                      <ConsoleError />
                    </UnitTestResult>
                  </Results>
                </TestRecord>
                <TestRecord Name="CacheRequires">
                  <Results>
                    <UnitTestResult>
                      <TestDate>2013-05-12T18:57:11</TestDate>
                      <Passed>1</Passed>
                      <Errors>0</Errors>
                      <Failures>0</Failures>
                      <Inconclusive>0</Inconclusive>
                      <NotRunnable>0</NotRunnable>
                      <Skipped>0</Skipped>
                      <Ignored>0</Ignored>
                      <Time />
                      <Message>Test successful

Execution time: 0.01ms</Message>
                      <ConsoleOutput />
                      <ConsoleError />
                    </UnitTestResult>
                  </Results>
                </TestRecord>
                <TestRecord Name="CircularDeps">
                  <Results>
                    <UnitTestResult>
                      <TestDate>2013-05-12T18:57:11</TestDate>
                      <Passed>1</Passed>
                      <Errors>0</Errors>
                      <Failures>0</Failures>
                      <Inconclusive>0</Inconclusive>
                      <NotRunnable>0</NotRunnable>
                      <Skipped>0</Skipped>
                      <Ignored>0</Ignored>
                      <Time />
                      <Message>Test successful

Execution time: 0.09ms</Message>
                      <ConsoleOutput>[Debug] AllWishSets finding wishes for fixed dependency : A-1.0.0
[Debug] AllWishSets finding wishes for fixed dependency : B-1.0.0
[Debug] AllWishSets effectively fixed versions so far
[Debug] AllWishSets --&gt;DependencyWishList@33502326&lt;key:group-A,wishes:1.0,[1.0,1.1]&gt;
[Debug] AllWishSets --&gt;DependencyWishList@31209679&lt;key:group-B,wishes:1.0,[1.0,1.2]&gt;
[Debug] AllWishSets need to resolve wishes
[Debug] AllWishSets -&gt;DependencyWishList@62258301&lt;key:group-C,wishes:[1.0,1.2]&gt;
[Debug] ResolverLine picking dep for wishes : DependencyWishList@62258301&lt;key:group-C,wishes:[1.0,1.2]&gt;
[Debug] ResolverLine picked dep : C-1.1.0
[Debug] ResolverLine fixing dep using wish : C-1.1.0
[Debug] AllWishSets finding wishes for fixed dependency : C-1.1.0
[Debug] ResolverLine Can't match next line, trying next new line
[Debug] ResolverLine picking dep for wishes : DependencyWishList@62258301&lt;key:group-C,wishes:[1.0,1.2]&gt;
[Debug] ResolverLine picked dep : C-1.0.0
[Debug] ResolverLine fixing dep using wish : C-1.0.0
[Debug] AllWishSets finding wishes for fixed dependency : C-1.0.0
[Debug] ResolverLine returning next line
[Debug] DependencyResolverV2 picked next line at position 0 at depth 0
[Debug] DependencyResolverV2 Line resolved, collecting results
[Debug] DependencyResolverV2 resolved dependencies:
[Debug] DependencyResolverV2 A-1.0.0
[Debug] DependencyResolverV2 B-1.0.0
[Debug] DependencyResolverV2 C-1.0.0
</ConsoleOutput>
                      <ConsoleError />
                    </UnitTestResult>
                  </Results>
                </TestRecord>
                <TestRecord Name="DependencyWishList_HasMultipleMatches">
                  <Results>
                    <UnitTestResult>
                      <TestDate>2013-05-12T18:57:11</TestDate>
                      <Passed>1</Passed>
                      <Errors>0</Errors>
                      <Failures>0</Failures>
                      <Inconclusive>0</Inconclusive>
                      <NotRunnable>0</NotRunnable>
                      <Skipped>0</Skipped>
                      <Ignored>0</Ignored>
                      <Time />
                      <Message>Test successful

Execution time: 0.00ms</Message>
                      <ConsoleOutput />
                      <ConsoleError />
                    </UnitTestResult>
                  </Results>
                </TestRecord>
                <TestRecord Name="DependencyWishlist_HasNoMatches">
                  <Results>
                    <UnitTestResult>
                      <TestDate>2013-05-12T18:57:11</TestDate>
                      <Passed>1</Passed>
                      <Errors>0</Errors>
                      <Failures>0</Failures>
                      <Inconclusive>0</Inconclusive>
                      <NotRunnable>0</NotRunnable>
                      <Skipped>0</Skipped>
                      <Ignored>0</Ignored>
                      <Time />
                      <Message>Test successful

Execution time: 0.00ms</Message>
                      <ConsoleOutput />
                      <ConsoleError />
                    </UnitTestResult>
                  </Results>
                </TestRecord>
                <TestRecord Name="DependencyWishList_Resolved">
                  <Results>
                    <UnitTestResult>
                      <TestDate>2013-05-12T18:57:11</TestDate>
                      <Passed>1</Passed>
                      <Errors>0</Errors>
                      <Failures>0</Failures>
                      <Inconclusive>0</Inconclusive>
                      <NotRunnable>0</NotRunnable>
                      <Skipped>0</Skipped>
                      <Ignored>0</Ignored>
                      <Time />
                      <Message>Test successful

Execution time: 0.00ms</Message>
                      <ConsoleOutput />
                      <ConsoleError />
                    </UnitTestResult>
                  </Results>
                </TestRecord>
                <TestRecord Name="NoSolution">
                  <Results>
                    <UnitTestResult>
                      <TestDate>2013-05-12T18:57:11</TestDate>
                      <Passed>1</Passed>
                      <Errors>0</Errors>
                      <Failures>0</Failures>
                      <Inconclusive>0</Inconclusive>
                      <NotRunnable>0</NotRunnable>
                      <Skipped>0</Skipped>
                      <Ignored>0</Ignored>
                      <Time />
                      <Message>Test successful

Execution time: 0.01ms</Message>
                      <ConsoleOutput>[Debug] AllWishSets finding wishes for fixed dependency : A-1.0.0
[Debug] AllWishSets effectively fixed versions so far
[Debug] AllWishSets --&gt;DependencyWishList@42614420&lt;key:group-A,wishes:1.0&gt;
[Debug] AllWishSets need to resolve wishes
[Debug] AllWishSets -&gt;DependencyWishList@38600745&lt;key:group-B,wishes:[1.0,1.1]&gt;
[Debug] ResolverLine picking dep for wishes : DependencyWishList@38600745&lt;key:group-B,wishes:[1.0,1.1]&gt;
[Debug] ResolverLine picked dep : B-1.1.0
[Debug] ResolverLine fixing dep using wish : B-1.1.0
[Debug] AllWishSets finding wishes for fixed dependency : B-1.1.0
[Debug] AllWishSets finding wishes for fixed dependency : C-1.1.0
[Debug] AllWishSets finding wishes for fixed dependency : E-1.0.0
[Debug] AllWishSets finding wishes for fixed dependency : D-1.1.0
[Debug] ResolverLine Can't match next line, trying next new line
[Debug] ResolverLine picking dep for wishes : DependencyWishList@38600745&lt;key:group-B,wishes:[1.0,1.1]&gt;
[Debug] ResolverLine picked dep : B-1.0.0
[Debug] ResolverLine fixing dep using wish : B-1.0.0
[Debug] AllWishSets finding wishes for fixed dependency : B-1.0.0
[Debug] AllWishSets finding wishes for fixed dependency : C-1.0.0
[Debug] AllWishSets finding wishes for fixed dependency : E-1.1.0
[Debug] AllWishSets finding wishes for fixed dependency : D-1.0.0
[Debug] ResolverLine Can't match next line, trying next new line
[Debug] ResolverLine picking dep for wishes : DependencyWishList@38600745&lt;key:group-B,wishes:[1.0,1.1]&gt;
[Debug] ResolverLine picked dep : 
[Debug] ResolverLine no more options for : DependencyWishList@38600745&lt;key:group-B,wishes:[1.0,1.1]&gt;
[Info] DependencyResolverV2 No solution possible
</ConsoleOutput>
                      <ConsoleError />
                    </UnitTestResult>
                  </Results>
                </TestRecord>
                <TestRecord Name="ResolveSimple">
                  <Results>
                    <UnitTestResult>
                      <TestDate>2013-05-12T18:57:11</TestDate>
                      <Passed>1</Passed>
                      <Errors>0</Errors>
                      <Failures>0</Failures>
                      <Inconclusive>0</Inconclusive>
                      <NotRunnable>0</NotRunnable>
                      <Skipped>0</Skipped>
                      <Ignored>0</Ignored>
                      <Time />
                      <Message>Test successful

Execution time: 0.01ms</Message>
                      <ConsoleOutput>[Debug] AllWishSets finding wishes for fixed dependency : A-1.0.0
[Debug] AllWishSets finding wishes for fixed dependency : B-1.0.0
[Debug] AllWishSets finding wishes for fixed dependency : C-1.0.0
[Debug] AllWishSets effectively fixed versions so far
[Debug] AllWishSets --&gt;DependencyWishList@27199126&lt;key:group-A,wishes:1.0&gt;
[Debug] AllWishSets --&gt;DependencyWishList@16001149&lt;key:group-B,wishes:1.0&gt;
[Debug] AllWishSets --&gt;DependencyWishList@48963094&lt;key:group-C,wishes:[1.0,1.2)&gt;
[Debug] AllWishSets need to resolve wishes
[Debug] AllWishSets -&gt;DependencyWishList@55855606&lt;key:group-D,wishes:[1.0,1.1]&gt;
[Debug] ResolverLine picking dep for wishes : DependencyWishList@55855606&lt;key:group-D,wishes:[1.0,1.1]&gt;
[Debug] ResolverLine picked dep : D-1.1.0
[Debug] ResolverLine fixing dep using wish : D-1.1.0
[Debug] AllWishSets finding wishes for fixed dependency : D-1.1.0
[Debug] ResolverLine Can't match next line, trying next new line
[Debug] ResolverLine picking dep for wishes : DependencyWishList@55855606&lt;key:group-D,wishes:[1.0,1.1]&gt;
[Debug] ResolverLine picked dep : D-1.0.0
[Debug] ResolverLine fixing dep using wish : D-1.0.0
[Debug] AllWishSets finding wishes for fixed dependency : D-1.0.0
[Debug] AllWishSets finding wishes for fixed dependency : E-1.0.0
[Debug] ResolverLine returning next line
[Debug] DependencyResolverV2 picked next line at position 0 at depth 0
[Debug] DependencyResolverV2 Line resolved, collecting results
[Debug] DependencyResolverV2 resolved dependencies:
[Debug] DependencyResolverV2 A-1.0.0
[Debug] DependencyResolverV2 B-1.0.0
[Debug] DependencyResolverV2 C-1.0.0
[Debug] DependencyResolverV2 D-1.0.0
[Debug] DependencyResolverV2 E-1.0.0
</ConsoleOutput>
                      <ConsoleError />
                    </UnitTestResult>
                  </Results>
                </TestRecord>
                <TestRecord Name="ResolveSimple2">
                  <Results>
                    <UnitTestResult>
                      <TestDate>2013-05-12T18:57:11</TestDate>
                      <Passed>1</Passed>
                      <Errors>0</Errors>
                      <Failures>0</Failures>
                      <Inconclusive>0</Inconclusive>
                      <NotRunnable>0</NotRunnable>
                      <Skipped>0</Skipped>
                      <Ignored>0</Ignored>
                      <Time />
                      <Message>Test successful

Execution time: 0.01ms</Message>
                      <ConsoleOutput>[Debug] AllWishSets finding wishes for fixed dependency : A-1.0.0
[Debug] AllWishSets finding wishes for fixed dependency : B-1.0.0
[Debug] AllWishSets effectively fixed versions so far
[Debug] AllWishSets --&gt;DependencyWishList@37472519&lt;key:group-A,wishes:1.0&gt;
[Debug] AllWishSets --&gt;DependencyWishList@8541776&lt;key:group-B,wishes:1.0&gt;
[Debug] AllWishSets need to resolve wishes
[Debug] AllWishSets -&gt;DependencyWishList@48835636&lt;key:group-C,wishes:[1.0,1.2)&gt;
[Debug] AllWishSets -&gt;DependencyWishList@50119998&lt;key:group-D,wishes:[1.0,1.1]&gt;
[Debug] ResolverLine picking dep for wishes : DependencyWishList@48835636&lt;key:group-C,wishes:[1.0,1.2)&gt;
[Debug] ResolverLine picked dep : C-1.1.0
[Debug] ResolverLine fixing dep using wish : C-1.1.0
[Debug] AllWishSets finding wishes for fixed dependency : C-1.1.0
[Debug] ResolverLine returning next line
[Debug] DependencyResolverV2 picked next line at position 0 at depth 0
[Debug] AllWishSets effectively fixed versions so far
[Debug] AllWishSets --&gt;DependencyWishList@37472519&lt;key:group-A,wishes:1.0&gt;
[Debug] AllWishSets --&gt;DependencyWishList@8541776&lt;key:group-B,wishes:1.0&gt;
[Debug] AllWishSets --&gt;DependencyWishList@24393646&lt;key:group-C,wishes:1.1.0&gt;
[Debug] AllWishSets need to resolve wishes
[Debug] AllWishSets -&gt;DependencyWishList@50119998&lt;key:group-D,wishes:[1.0,1.1]&gt;
[Debug] AllWishSets -&gt;DependencyWishList@40807399&lt;key:group-E,wishes:[1.3,1.4]&gt;
[Debug] ResolverLine picking dep for wishes : DependencyWishList@23972246&lt;key:group-D,wishes:&gt;
[Debug] ResolverLine picked dep : D-1.1.0
[Debug] ResolverLine fixing dep using wish : D-1.1.0
[Debug] AllWishSets finding wishes for fixed dependency : D-1.1.0
[Debug] ResolverLine returning next line
[Debug] DependencyResolverV2 picked next line at position 0 at depth 1
[Debug] AllWishSets effectively fixed versions so far
[Debug] AllWishSets --&gt;DependencyWishList@37472519&lt;key:group-A,wishes:1.0&gt;
[Debug] AllWishSets --&gt;DependencyWishList@8541776&lt;key:group-B,wishes:1.0&gt;
[Debug] AllWishSets --&gt;DependencyWishList@24393646&lt;key:group-C,wishes:1.1.0&gt;
[Debug] AllWishSets --&gt;DependencyWishList@5009246&lt;key:group-D,wishes:1.1.0&gt;
[Debug] AllWishSets need to resolve wishes
[Debug] AllWishSets -&gt;DependencyWishList@24089510&lt;key:group-E,wishes:[1.1,1.4]&gt;
[Debug] ResolverLine picking dep for wishes : DependencyWishList@24089510&lt;key:group-E,wishes:[1.1,1.4]&gt;
[Debug] ResolverLine picked dep : E-1.4.0
[Debug] ResolverLine fixing dep using wish : E-1.4.0
[Debug] AllWishSets finding wishes for fixed dependency : E-1.4.0
[Debug] ResolverLine returning next line
[Debug] DependencyResolverV2 picked next line at position 0 at depth 2
[Debug] DependencyResolverV2 Line resolved, collecting results
[Debug] DependencyResolverV2 resolved dependencies:
[Debug] DependencyResolverV2 A-1.0.0
[Debug] DependencyResolverV2 B-1.0.0
[Debug] DependencyResolverV2 C-1.1.0
[Debug] DependencyResolverV2 D-1.1.0
[Debug] DependencyResolverV2 E-1.4.0
</ConsoleOutput>
                      <ConsoleError />
                    </UnitTestResult>
                  </Results>
                </TestRecord>
              </Tests>
            </TestRecord>
          </Tests>
        </TestRecord>
      </Tests>
    </TestRecord>
  </Tests>
</TestRecord>